	[4mGPU0	GPU1	CPU Affinity	NUMA Affinity[0m
GPU0	 X 	PHB	0,2	0-1
GPU1	PHB	 X 	0,2	0-1

Legend:

  X    = Self
  SYS  = Connection traversing PCIe as well as the SMP interconnect between NUMA nodes (e.g., QPI/UPI)
  NODE = Connection traversing PCIe as well as the interconnect between PCIe Host Bridges within a NUMA node
  PHB  = Connection traversing PCIe as well as a PCIe Host Bridge (typically the CPU)
  PXB  = Connection traversing multiple PCIe bridges (without traversing the PCIe Host Bridge)
  PIX  = Connection traversing at most a single PCIe bridge
  NV#  = Connection traversing a bonded set of # NVLinks
launching 0 job on cdr107 with master address cdr107
launching 1 job on cdr340 with master address cdr107
cp: omitting directory '/home/amunk/projects/def-fwood/amunk/distributed-training-pytorch/virtual_env'
cp: omitting directory '/home/amunk/projects/def-fwood/amunk/distributed-training-pytorch/virtual_env'
LAUNCHING PYTHON SCRIPT on cdr107.int.cedar.computecanada.ca
LAUNCHING PYTHON SCRIPT on cdr340.int.cedar.computecanada.ca
[RANK 2]: STARTING RUN
[RANK 1]: STARTING RUN[RANK 0]: STARTING RUN
[RANK 3]: STARTING RUN
world_size = 4
local_world_size = 2

Available devices = 2
dist rank = 1, provided rank = 1, world_size = 4, local_world_size = 2
dist rank = 2, provided rank = 0, world_size = 4, local_world_size = 2
Available devices = 2
Available devices = 2
dist rank = 3, provided rank = 1, world_size = 4, local_world_size = 2
Available devices = 2
dist rank = 0, provided rank = 0, world_size = 4, local_world_size = 2
Available devices = 2
*****************************************
Setting OMP_NUM_THREADS environment variable for each process to be 1 in default, to avoid your system being overloaded, please further tune the variable for optimal performance in your application as needed. 
*****************************************
*****************************************
Setting OMP_NUM_THREADS environment variable for each process to be 1 in default, to avoid your system being overloaded, please further tune the variable for optimal performance in your application as needed. 
*****************************************
	[4mGPU0	GPU1	CPU Affinity	NUMA Affinity[0m
GPU0	 X 	PHB	0,2	0-1
GPU1	PHB	 X 	0,2	0-1

Legend:

  X    = Self
  SYS  = Connection traversing PCIe as well as the SMP interconnect between NUMA nodes (e.g., QPI/UPI)
  NODE = Connection traversing PCIe as well as the interconnect between PCIe Host Bridges within a NUMA node
  PHB  = Connection traversing PCIe as well as a PCIe Host Bridge (typically the CPU)
  PXB  = Connection traversing multiple PCIe bridges (without traversing the PCIe Host Bridge)
  PIX  = Connection traversing at most a single PCIe bridge
  NV#  = Connection traversing a bonded set of # NVLinks
	[4mGPU0	GPU1	CPU Affinity	NUMA Affinity[0m
GPU0	 X 	SYS	0,2	0-1
GPU1	SYS	 X 	0,2	0-1

Legend:

  X    = Self
  SYS  = Connection traversing PCIe as well as the SMP interconnect between NUMA nodes (e.g., QPI/UPI)
  NODE = Connection traversing PCIe as well as the interconnect between PCIe Host Bridges within a NUMA node
  PHB  = Connection traversing PCIe as well as a PCIe Host Bridge (typically the CPU)
  PXB  = Connection traversing multiple PCIe bridges (without traversing the PCIe Host Bridge)
  PIX  = Connection traversing at most a single PCIe bridge
  NV#  = Connection traversing a bonded set of # NVLinks
