	[4mGPU0	GPU1	CPU Affinity	NUMA Affinity[0m
GPU0	 X 	SYS	12,14	0-1
GPU1	SYS	 X 	12,14	0-1

Legend:

  X    = Self
  SYS  = Connection traversing PCIe as well as the SMP interconnect between NUMA nodes (e.g., QPI/UPI)
  NODE = Connection traversing PCIe as well as the interconnect between PCIe Host Bridges within a NUMA node
  PHB  = Connection traversing PCIe as well as a PCIe Host Bridge (typically the CPU)
  PXB  = Connection traversing multiple PCIe bridges (without traversing the PCIe Host Bridge)
  PIX  = Connection traversing at most a single PCIe bridge
  NV#  = Connection traversing a bonded set of # NVLinks
launching 0 job on cdr254 with master address cdr254
launching 1 job on cdr296 with master address cdr254
cp: omitting directory '/home/amunk/projects/def-fwood/amunk/distributed-training-pytorch/virtual_env'
cp: omitting directory '/home/amunk/projects/def-fwood/amunk/distributed-training-pytorch/virtual_env'
LAUNCHING PYTHON SCRIPT on cdr254.int.cedar.computecanada.ca
LAUNCHING PYTHON SCRIPT on cdr296.int.cedar.computecanada.ca
[RANK 0]: STARTING RUN[RANK 1]: STARTING RUN

world_size = 4
local_world_size = 2
[RANK 2]: STARTING RUN[RANK 3]: STARTING RUN

Available devices = 2
[0]: Training[1]: Training

[3]: Training[2]: Training

[0]: tensor([[6044., 6044.],
        [4919., 4919.]], device='cuda:0')
[0]: torch.Size([2, 2])
[0]: tensor([[6044., 6044.],
        [4919., 4919.]], device='cuda:0')
[0]: torch.Size([2, 2])
[1]: tensor([[2890., 2890.],
        [1729., 1729.]], device='cuda:1')
[1]: torch.Size([2, 2])
[2]: tensor([[9399., 9399.],
        [ 429.,  429.]], device='cuda:0')
[2]: torch.Size([2, 2])
[3]: tensor([[1917., 1917.],
        [7532., 7532.]], device='cuda:1')
[3]: torch.Size([2, 2])
[1]: tensor([[2890., 2890.],
        [1729., 1729.]], device='cuda:1')
[1]: torch.Size([2, 2])
[3]: tensor([[1917., 1917.],
        [7532., 7532.]], device='cuda:1')[2]: tensor([[9399., 9399.],
        [ 429.,  429.]], device='cuda:0')
[2]: torch.Size([2, 2])

[3]: torch.Size([2, 2])
[0]: tensor([[337., 337.],
[3]: tensor([[4869., 4869.],
        [784., 784.]], device='cuda:0')
        [6301., 6301.]], device='cuda:1')
[3]: torch.Size([2, 2])
[0]: torch.Size([2, 2])
[2]: tensor([[ 981.,  981.],
        [5592., 5592.]], device='cuda:0')
[2]: torch.Size([2, 2])
[1]: tensor([[8223., 8223.],
        [4840., 4840.]], device='cuda:1')
[1]: torch.Size([2, 2])
[0]: tensor([[337., 337.],
        [784., 784.]], device='cuda:0')
[0]: torch.Size([2, 2])
[1]: tensor([[8223., 8223.],
        [4840., 4840.]], device='cuda:1')
[1]: torch.Size([2, 2])
[2]: tensor([[ 981.,  981.],
        [5592., 5592.]], device='cuda:0')
[2]: torch.Size([2, 2])
[3]: tensor([[4869., 4869.],
        [6301., 6301.]], device='cuda:1')
[3]: torch.Size([2, 2])
[0]: tensor([[2920., 2920.],
        [7626., 7626.]], device='cuda:0')[1]: tensor([[4053., 4053.],
        [8837., 8837.]], device='cuda:1')
[1]: torch.Size([2, 2])

[0]: torch.Size([2, 2])
[1]: tensor([[4053., 4053.],
        [8837., 8837.]], device='cuda:1')
[1]: torch.Size([2, 2])
[0]: tensor([[2920., 2920.],
        [7626., 7626.]], device='cuda:0')
[0]: torch.Size([2, 2])
[3]: tensor([[1426., 1426.],
        [8606., 8606.]], device='cuda:1')
[3]: torch.Size([2, 2])
[2]: tensor([[8506., 8506.],
        [4911., 4911.]], device='cuda:0')
[2]: torch.Size([2, 2])
[3]: tensor([[1426., 1426.],
        [8606., 8606.]], device='cuda:1')
[3]: torch.Size([2, 2])
[2]: tensor([[8506., 8506.],
        [4911., 4911.]], device='cuda:0')
[2]: torch.Size([2, 2])
[0]: tensor([[2288., 2288.],
[3]: tensor([[2751., 2751.],
        [3886., 3886.]], device='cuda:1')
[3]: torch.Size([2, 2])
        [4237., 4237.]], device='cuda:0')
[0]: torch.Size([2, 2])
[2]: tensor([[ 297.,  297.],
        [3531., 3531.]], device='cuda:0')
[2]: torch.Size([2, 2])
[1]: tensor([[5916., 5916.],
        [ 137.,  137.]], device='cuda:1')
[1]: torch.Size([2, 2])
[3]: tensor([[2751., 2751.],
        [3886., 3886.]], device='cuda:1')
[3]: torch.Size([2, 2])
[0]: tensor([[2288., 2288.],
        [4237., 4237.]], device='cuda:0')
[0]: torch.Size([2, 2])
[1]: tensor([[5916., 5916.],
        [ 137.,  137.]], device='cuda:1')
[1]: torch.Size([2, 2])
[2]: tensor([[ 297.,  297.],
        [3531., 3531.]], device='cuda:0')
[2]: torch.Size([2, 2])
[0]: tensor([[6147., 6147.],
        [3086., 3086.]], device='cuda:0')
[0]: torch.Size([2, 2])
[3]: tensor([[8950., 8950.],
        [7645., 7645.]], device='cuda:1')
[3]: torch.Size([2, 2])
[1]: tensor([[1899., 1899.],
        [ 684.,  684.]], device='cuda:1')
[1]: torch.Size([2, 2])
[2]: tensor([[5147., 5147.],
        [7245., 7245.]], device='cuda:0')
[2]: torch.Size([2, 2])
[3]: tensor([[8950., 8950.],
        [7645., 7645.]], device='cuda:1')
[3]: torch.Size([2, 2])
[1]: tensor([[1899., 1899.],
        [ 684.,  684.]], device='cuda:1')
[1]: torch.Size([2, 2])
[0]: tensor([[6147., 6147.],
        [3086., 3086.]], device='cuda:0')
[0]: torch.Size([2, 2])
[2]: tensor([[5147., 5147.],
        [7245., 7245.]], device='cuda:0')
[2]: torch.Size([2, 2])
[0]: tensor([[3858., 3858.],
[3]: tensor([[ 914.,  914.],
        [8291., 8291.]], device='cuda:0')
        [4233., 4233.]], device='cuda:1')
[3]: torch.Size([2, 2])
[0]: torch.Size([2, 2])
[2]: tensor([[6624., 6624.],
[1]: tensor([[5334., 5334.],
        [8687., 8687.]], device='cuda:1')
[1]: torch.Size([2, 2])
        [9347., 9347.]], device='cuda:0')
[2]: torch.Size([2, 2])
[0]: tensor([[3858., 3858.],
        [8291., 8291.]], device='cuda:0')
[0]: torch.Size([2, 2])
[1]: tensor([[5334., 5334.],
        [8687., 8687.]], device='cuda:1')
[1]: torch.Size([2, 2])
[2]: tensor([[6624., 6624.],
        [9347., 9347.]], device='cuda:0')
[2]: torch.Size([2, 2])
[3]: tensor([[ 914.,  914.],
        [4233., 4233.]], device='cuda:1')
[3]: torch.Size([2, 2])
[0]: tensor([[4894., 4894.],
        [6057., 6057.]], device='cuda:0')
[0]: torch.Size([2, 2])
[3]: tensor([[ 127.,  127.],
        [8655., 8655.]], device='cuda:1')
[3]: torch.Size([2, 2])
[1]: tensor([[4337., 4337.],
        [8031., 8031.]], device='cuda:1')
[1]: torch.Size([2, 2])
[2]: tensor([[1140., 1140.],
        [ 655.,  655.]], device='cuda:0')
[2]: torch.Size([2, 2])
[3]: tensor([[ 127.,  127.],
        [8655., 8655.]], device='cuda:1')
[3]: torch.Size([2, 2])
[1]: tensor([[4337., 4337.],
        [8031., 8031.]], device='cuda:1')
[1]: torch.Size([2, 2])
[0]: tensor([[4894., 4894.],
[2]: tensor([[1140., 1140.],
        [6057., 6057.]], device='cuda:0')
        [ 655.,  655.]], device='cuda:0')
[2]: torch.Size([2, 2])
[0]: torch.Size([2, 2])
[3]: tensor([[ 789.,  789.],
[0]: tensor([[3623., 3623.],
        [5667., 5667.]], device='cuda:1')
[3]: torch.Size([2, 2])
        [6419., 6419.]], device='cuda:0')
[0]: torch.Size([2, 2])
[2]: tensor([[9306., 9306.],
        [3935., 3935.]], device='cuda:0')
[2]: torch.Size([2, 2])
[1]: tensor([[7342., 7342.],
        [3107., 3107.]], device='cuda:1')
[1]: torch.Size([2, 2])
[3]: tensor([[ 789.,  789.],
        [5667., 5667.]], device='cuda:1')
[3]: torch.Size([2, 2])
[0]: tensor([[3623., 3623.],
        [6419., 6419.]], device='cuda:0')
[2]: tensor([[9306., 9306.],
        [3935., 3935.]], device='cuda:0')
[2]: torch.Size([2, 2])
[0]: torch.Size([2, 2])
[1]: tensor([[7342., 7342.],
        [3107., 3107.]], device='cuda:1')
[1]: torch.Size([2, 2])
[0]: tensor([[ 167.,  167.],
[3]: tensor([[4988., 4988.],
        [4136., 4136.]], device='cuda:0')
        [5540., 5540.]], device='cuda:1')
[3]: torch.Size([2, 2])
[0]: torch.Size([2, 2])
[2]: tensor([[5576., 5576.],
        [4287., 4287.]], device='cuda:0')
[2]: torch.Size([2, 2])
[1]: tensor([[1805., 1805.],
        [7777., 7777.]], device='cuda:1')
[1]: torch.Size([2, 2])
[3]: tensor([[4988., 4988.],
        [5540., 5540.]], device='cuda:1')
[3]: torch.Size([2, 2])
[2]: tensor([[5576., 5576.],
        [4287., 4287.]], device='cuda:0')
[2]: torch.Size([2, 2])
[1]: tensor([[1805., 1805.],
        [7777., 7777.]], device='cuda:1')
[1]: torch.Size([2, 2])
[0]: tensor([[ 167.,  167.],
        [4136., 4136.]], device='cuda:0')
[0]: torch.Size([2, 2])
[0]: tensor([[6710., 6710.],
        [8635., 8635.]], device='cuda:0')
[3]: tensor([[1346., 1346.],
        [8979., 8979.]], device='cuda:1')
[3]: torch.Size([2, 2])
[0]: torch.Size([2, 2])
[1]: tensor([[4877., 4877.],
        [2660., 2660.]], device='cuda:1')
[1]: torch.Size([2, 2])
[2]: tensor([[5426., 5426.],
        [6957., 6957.]], device='cuda:0')
[2]: torch.Size([2, 2])
[3]: tensor([[1346., 1346.],
        [8979., 8979.]], device='cuda:1')
[3]: torch.Size([2, 2])
[0]: tensor([[6710., 6710.],
        [8635., 8635.]], device='cuda:0')
[0]: torch.Size([2, 2])
[1]: tensor([[4877., 4877.],
        [2660., 2660.]], device='cuda:1')
[1]: torch.Size([2, 2])
[2]: tensor([[5426., 5426.],
        [6957., 6957.]], device='cuda:0')
[2]: torch.Size([2, 2])
[0]: tensor([[6922., 6922.],
        [5365., 5365.]], device='cuda:0')
[3]: tensor([[4033., 4033.],
        [4415., 4415.]], device='cuda:1')
[3]: torch.Size([2, 2])
[0]: torch.Size([2, 2])
[2]: tensor([[6936., 6936.],
        [ 321.,  321.]], device='cuda:0')
[2]: torch.Size([2, 2])
[1]: tensor([[9698., 9698.],
        [1458., 1458.]], device='cuda:1')
[1]: torch.Size([2, 2])
[3]: tensor([[4033., 4033.],
        [4415., 4415.]], device='cuda:1')
[3]: torch.Size([2, 2])
[1]: tensor([[9698., 9698.],
        [1458., 1458.]], device='cuda:1')
[1]: torch.Size([2, 2])
[2]: tensor([[6936., 6936.],
        [ 321.,  321.]], device='cuda:0')
[2]: torch.Size([2, 2])
[0]: tensor([[6922., 6922.],
        [5365., 5365.]], device='cuda:0')
[0]: torch.Size([2, 2])
[3]: tensor([[2363., 2363.],
        [5866., 5866.]], device='cuda:1')
[3]: torch.Size([2, 2])
[0]: tensor([[5915., 5915.],
        [6438., 6438.]], device='cuda:0')
[0]: torch.Size([2, 2])
[2]: tensor([[6505., 6505.],
        [8741., 8741.]], device='cuda:0')
[1]: tensor([[5727., 5727.],
        [1968., 1968.]], device='cuda:1')
[1]: torch.Size([2, 2])
[2]: torch.Size([2, 2])
[3]: tensor([[2363., 2363.],
        [5866., 5866.]], device='cuda:1')
[3]: torch.Size([2, 2])
[0]: tensor([[5915., 5915.],
        [6438., 6438.]], device='cuda:0')
[0]: torch.Size([2, 2])
[1]: tensor([[5727., 5727.],
        [1968., 1968.]], device='cuda:1')
[1]: torch.Size([2, 2])
[2]: tensor([[6505., 6505.],
        [8741., 8741.]], device='cuda:0')
[2]: torch.Size([2, 2])
[0]: tensor([[6190., 6190.],
[3]: tensor([[6509., 6509.],
        [7477., 7477.]], device='cuda:1')
[3]: torch.Size([2, 2])
        [3705., 3705.]], device='cuda:0')
[0]: torch.Size([2, 2])
[2]: tensor([[6259., 6259.],
        [1796., 1796.]], device='cuda:0')
[2]: torch.Size([2, 2])
[1]: tensor([[3878., 3878.],
        [9818., 9818.]], device='cuda:1')
[1]: torch.Size([2, 2])
[3]: tensor([[6509., 6509.],
        [7477., 7477.]], device='cuda:1')
[3]: torch.Size([2, 2])
[2]: tensor([[6259., 6259.],
        [1796., 1796.]], device='cuda:0')
[2]: torch.Size([2, 2])
[1]: tensor([[3878., 3878.],
        [9818., 9818.]], device='cuda:1')
[1]: torch.Size([2, 2])
[0]: tensor([[6190., 6190.],
        [3705., 3705.]], device='cuda:0')
[0]: torch.Size([2, 2])
[0]: tensor([[5644., 5644.],
[3]: tensor([[7299., 7299.],
        [1831., 1831.]], device='cuda:1')
[3]: torch.Size([2, 2])
        [3583., 3583.]], device='cuda:0')
[0]: torch.Size([2, 2])
[1]: tensor([[ 635.,  635.],
        [5166., 5166.]], device='cuda:1')
[1]: torch.Size([2, 2])
[2]: tensor([[4696., 4696.],
        [4905., 4905.]], device='cuda:0')
[2]: torch.Size([2, 2])
[3]: tensor([[7299., 7299.],
        [1831., 1831.]], device='cuda:1')
[3]: torch.Size([2, 2])
[0]: tensor([[5644., 5644.],
        [3583., 3583.]], device='cuda:0')
[0]: torch.Size([2, 2])
[1]: tensor([[ 635.,  635.],
        [5166., 5166.]], device='cuda:1')
[1]: torch.Size([2, 2])
[2]: tensor([[4696., 4696.],
        [4905., 4905.]], device='cuda:0')
[2]: torch.Size([2, 2])
[0]: tensor([[1716., 1716.],
[3]: tensor([[4249., 4249.],
        [7013., 7013.]], device='cuda:1')
[3]: torch.Size([2, 2])
        [4599., 4599.]], device='cuda:0')
[0]: torch.Size([2, 2])
[2]: tensor([[4046., 4046.],
        [5519., 5519.]], device='cuda:0')
[2]: torch.Size([2, 2])
[1]: tensor([[9915., 9915.],
        [6775., 6775.]], device='cuda:1')
[1]: torch.Size([2, 2])
[3]: tensor([[4249., 4249.],
        [7013., 7013.]], device='cuda:1')
[3]: torch.Size([2, 2])
[2]: tensor([[4046., 4046.],
        [5519., 5519.]], device='cuda:0')
[2]: torch.Size([2, 2])
[1]: tensor([[9915., 9915.],
        [6775., 6775.]], device='cuda:1')
[1]: torch.Size([2, 2])
[0]: tensor([[1716., 1716.],
        [4599., 4599.]], device='cuda:0')
[0]: torch.Size([2, 2])
[0]: tensor([[2015., 2015.],
[3]: tensor([[8956., 8956.],
        [ 335.,  335.]], device='cuda:1')
[3]: torch.Size([2, 2])
        [7577., 7577.]], device='cuda:0')
[0]: torch.Size([2, 2])
[1]: tensor([[2855., 2855.],
        [6370., 6370.]], device='cuda:1')
[1]: torch.Size([2, 2])
[2]: tensor([[2637., 2637.],
        [4731., 4731.]], device='cuda:0')
[2]: torch.Size([2, 2])
[3]: tensor([[8956., 8956.],
        [ 335.,  335.]], device='cuda:1')
[3]: torch.Size([2, 2])
[0]: tensor([[2015., 2015.],
        [7577., 7577.]], device='cuda:0')
[0]: torch.Size([2, 2])
[1]: tensor([[2855., 2855.],
        [6370., 6370.]], device='cuda:1')
[1]: torch.Size([2, 2])
[2]: tensor([[2637., 2637.],
        [4731., 4731.]], device='cuda:0')
[2]: torch.Size([2, 2])
[3]: tensor([[2592., 2592.],
[0]: tensor([[2249., 2249.],
        [1821., 1821.]], device='cuda:1')
[3]: torch.Size([2, 2])
        [6769., 6769.]], device='cuda:0')
[2]: tensor([[1418., 1418.],
[0]: torch.Size([2, 2])
        [1232., 1232.]], device='cuda:0')
[2]: torch.Size([2, 2])
[1]: tensor([[5283., 5283.],
        [5522., 5522.]], device='cuda:1')
[1]: torch.Size([2, 2])
[3]: tensor([[2592., 2592.],
        [1821., 1821.]], device='cuda:1')
[3]: torch.Size([2, 2])
[2]: tensor([[1418., 1418.],
        [1232., 1232.]], device='cuda:0')
[1]: tensor([[5283., 5283.],
        [5522., 5522.]], device='cuda:1')
[1]: torch.Size([2, 2])
[2]: torch.Size([2, 2])
[0]: tensor([[2249., 2249.],
        [6769., 6769.]], device='cuda:0')
[0]: torch.Size([2, 2])
[3]: tensor([[5132., 5132.],
        [4304., 4304.]], device='cuda:1')
[3]: torch.Size([2, 2])
[0]: tensor([[6522., 6522.],
        [9209., 9209.]], device='cuda:0')
[0]: torch.Size([2, 2])
[2]: tensor([[5066., 5066.],
        [5698., 5698.]], device='cuda:0')
[2]: torch.Size([2, 2])
[1]: tensor([[5582., 5582.],
        [5443., 5443.]], device='cuda:1')
[1]: torch.Size([2, 2])
[3]: tensor([[5132., 5132.],
        [4304., 4304.]], device='cuda:1')
[3]: torch.Size([2, 2])
[0]: tensor([[6522., 6522.],
        [9209., 9209.]], device='cuda:0')
[0]: torch.Size([2, 2])
[1]: tensor([[5582., 5582.],
        [5443., 5443.]], device='cuda:1')
[1]: torch.Size([2, 2])
[2]: tensor([[5066., 5066.],
        [5698., 5698.]], device='cuda:0')
[2]: torch.Size([2, 2])
[3]: tensor([[3530., 3530.],
        [9884., 9884.]], device='cuda:1')
[3]: torch.Size([2, 2])
[0]: tensor([[9821., 9821.],
        [ 641.,  641.]], device='cuda:0')
[2]: tensor([[1553., 1553.],
        [3472., 3472.]], device='cuda:0')
[2]: torch.Size([2, 2])
[0]: torch.Size([2, 2])
[1]: tensor([[3674., 3674.],
        [4934., 4934.]], device='cuda:1')
[1]: torch.Size([2, 2])
[3]: tensor([[3530., 3530.],
        [9884., 9884.]], device='cuda:1')
[3]: torch.Size([2, 2])
[2]: tensor([[1553., 1553.],
        [3472., 3472.]], device='cuda:0')
[2]: torch.Size([2, 2])
[1]: tensor([[3674., 3674.],
        [4934., 4934.]], device='cuda:1')
[1]: torch.Size([2, 2])
[0]: tensor([[9821., 9821.],
        [ 641.,  641.]], device='cuda:0')
[0]: torch.Size([2, 2])
[3]: tensor([[7944., 7944.],
        [5836., 5836.]], device='cuda:1')
[3]: torch.Size([2, 2])
[0]: tensor([[4322., 4322.],
        [8763., 8763.]], device='cuda:0')
[0]: torch.Size([2, 2])
[2]: tensor([[4842., 4842.],
        [7946., 7946.]], device='cuda:0')
[2]: torch.Size([2, 2])
[1]: tensor([[4822., 4822.],
        [6420., 6420.]], device='cuda:1')
[1]: torch.Size([2, 2])
[3]: tensor([[7944., 7944.],
        [5836., 5836.]], device='cuda:1')
[3]: torch.Size([2, 2])
[0]: tensor([[4322., 4322.],
        [8763., 8763.]], device='cuda:0')
[2]: tensor([[4842., 4842.],
        [7946., 7946.]], device='cuda:0')
[2]: torch.Size([2, 2])
[0]: torch.Size([2, 2])
[1]: tensor([[4822., 4822.],
        [6420., 6420.]], device='cuda:1')
[1]: torch.Size([2, 2])
[3]: tensor([[ 471.,  471.],
[0]: tensor([[4370., 4370.],
        [4984., 4984.]], device='cuda:1')
[3]: torch.Size([2, 2])
        [5223., 5223.]], device='cuda:0')
[0]: torch.Size([2, 2])
[2]: tensor([[4497., 4497.],
        [9316., 9316.]], device='cuda:0')
[2]: torch.Size([2, 2])
[1]: tensor([[5516., 5516.],
        [7326., 7326.]], device='cuda:1')
[1]: torch.Size([2, 2])
[3]: tensor([[ 471.,  471.],
        [4984., 4984.]], device='cuda:1')
[3]: torch.Size([2, 2])
[2]: tensor([[4497., 4497.],
        [9316., 9316.]], device='cuda:0')
[2]: torch.Size([2, 2])
[1]: tensor([[5516., 5516.],
        [7326., 7326.]], device='cuda:1')
[1]: torch.Size([2, 2])
[0]: tensor([[4370., 4370.],
        [5223., 5223.]], device='cuda:0')
[0]: torch.Size([2, 2])
[0]: tensor([[6707., 6707.],
[3]: tensor([[6126., 6126.],
        [1168., 1168.]], device='cuda:1')
        [3999., 3999.]], device='cuda:0')
[3]: torch.Size([2, 2])
[0]: torch.Size([2, 2])
[2]: tensor([[1705., 1705.],
[1]: tensor([[ 263.,  263.],
        [9471., 9471.]], device='cuda:1')
[1]: torch.Size([2, 2])
        [6189., 6189.]], device='cuda:0')
[2]: torch.Size([2, 2])
[3]: tensor([[6126., 6126.],
        [1168., 1168.]], device='cuda:1')
[3]: torch.Size([2, 2])
[0]: tensor([[6707., 6707.],
        [3999., 3999.]], device='cuda:0')
[0]: torch.Size([2, 2])
[1]: tensor([[ 263.,  263.],
        [9471., 9471.]], device='cuda:1')
[1]: torch.Size([2, 2])
[2]: tensor([[1705., 1705.],
        [6189., 6189.]], device='cuda:0')
[2]: torch.Size([2, 2])
[3]: tensor([[2416., 2416.],
        [2306., 2306.]], device='cuda:1')
[0]: tensor([[7985., 7985.],
[3]: torch.Size([2, 2])
        [3183., 3183.]], device='cuda:0')
[0]: torch.Size([2, 2])
[2]: tensor([[9392., 9392.],
        [3369., 3369.]], device='cuda:0')
[2]: torch.Size([2, 2])
[1]: tensor([[7592., 7592.],
        [7561., 7561.]], device='cuda:1')
[1]: torch.Size([2, 2])
[3]: tensor([[2416., 2416.],
        [2306., 2306.]], device='cuda:1')
[3]: torch.Size([2, 2])
[1]: tensor([[7592., 7592.],
        [7561., 7561.]], device='cuda:1')
[1]: torch.Size([2, 2])
[2]: tensor([[9392., 9392.],
        [3369., 3369.]], device='cuda:0')
[2]: torch.Size([2, 2])
[0]: tensor([[7985., 7985.],
        [3183., 3183.]], device='cuda:0')
[0]: torch.Size([2, 2])
[0]: tensor([[8419., 8419.],
[3]: tensor([[ 498.,  498.],
        [7408., 7408.]], device='cuda:1')
[3]: torch.Size([2, 2])
        [5724., 5724.]], device='cuda:0')
[0]: torch.Size([2, 2])
[1]: tensor([[3575., 3575.],
        [ 986.,  986.]], device='cuda:1')
[1]: torch.Size([2, 2])
[2]: tensor([[1400., 1400.],
        [9675., 9675.]], device='cuda:0')
[2]: torch.Size([2, 2])
[3]: tensor([[ 498.,  498.],
        [7408., 7408.]], device='cuda:1')
[3]: torch.Size([2, 2])
[0]: tensor([[8419., 8419.],
        [5724., 5724.]], device='cuda:0')
[0]: torch.Size([2, 2])
[1]: tensor([[3575., 3575.],
        [ 986.,  986.]], device='cuda:1')
[1]: torch.Size([2, 2])
[2]: tensor([[1400., 1400.],
        [9675., 9675.]], device='cuda:0')
[2]: torch.Size([2, 2])
[3]: tensor([[2829., 2829.],
[0]: tensor([[6570., 6570.],
        [3210., 3210.]], device='cuda:1')
[3]: torch.Size([2, 2])
        [6732., 6732.]], device='cuda:0')
[0]: torch.Size([2, 2])
[2]: tensor([[9830., 9830.],
        [4426., 4426.]], device='cuda:0')
[2]: torch.Size([2, 2])
[1]: tensor([[7039., 7039.],
        [2405., 2405.]], device='cuda:1')
[1]: torch.Size([2, 2])
[3]: tensor([[2829., 2829.],
        [3210., 3210.]], device='cuda:1')
[3]: torch.Size([2, 2])
[2]: tensor([[9830., 9830.],
        [4426., 4426.]], device='cuda:0')
[2]: torch.Size([2, 2])
[0]: tensor([[6570., 6570.],
        [6732., 6732.]], device='cuda:0')
[0]: torch.Size([2, 2])
[1]: tensor([[7039., 7039.],
        [2405., 2405.]], device='cuda:1')
[1]: torch.Size([2, 2])
[3]: tensor([[7354., 7354.],
        [4274., 4274.]], device='cuda:1')
[3]: torch.Size([2, 2])
[0]: tensor([[2269., 2269.],
        [1634., 1634.]], device='cuda:0')
[0]: torch.Size([2, 2])
[2]: tensor([[3913., 3913.],
        [9827., 9827.]], device='cuda:0')
[1]: tensor([[5686., 5686.],
        [7908., 7908.]], device='cuda:1')
[1]: torch.Size([2, 2])
[2]: torch.Size([2, 2])
[3]: tensor([[7354., 7354.],
        [4274., 4274.]], device='cuda:1')
[3]: torch.Size([2, 2])
[0]: tensor([[2269., 2269.],
        [1634., 1634.]], device='cuda:0')
[0]: torch.Size([2, 2])
[1]: tensor([[5686., 5686.],
        [7908., 7908.]], device='cuda:1')
[2]: tensor([[3913., 3913.],
        [9827., 9827.]], device='cuda:0')
[1]: torch.Size([2, 2])
[2]: torch.Size([2, 2])
[3]: tensor([[8841., 8841.],
        [ 819.,  819.]], device='cuda:1')
[0]: tensor([[1272., 1272.],
[3]: torch.Size([2, 2])
        [5768., 5768.]], device='cuda:0')
[0]: torch.Size([2, 2])
[2]: tensor([[7775., 7775.],
        [ 586.,  586.]], device='cuda:0')
[2]: torch.Size([2, 2])
[1]: tensor([[4214., 4214.],
        [1864., 1864.]], device='cuda:1')
[1]: torch.Size([2, 2])
[3]: tensor([[8841., 8841.],
        [ 819.,  819.]], device='cuda:1')
[3]: torch.Size([2, 2])
[0]: tensor([[1272., 1272.],
        [5768., 5768.]], device='cuda:0')
[0]: torch.Size([2, 2])
[2]: tensor([[7775., 7775.],
        [ 586.,  586.]], device='cuda:0')
[2]: torch.Size([2, 2])
[1]: tensor([[4214., 4214.],
        [1864., 1864.]], device='cuda:1')
[1]: torch.Size([2, 2])
[3]: tensor([[4663., 4663.],
        [3355., 3355.]], device='cuda:1')
[3]: torch.Size([2, 2])
[0]: tensor([[ 972.,  972.],
        [7858., 7858.]], device='cuda:0')
[0]: torch.Size([2, 2])
[2]: tensor([[ 250.,  250.],
        [3588., 3588.]], device='cuda:0')
[2]: torch.Size([2, 2])
[1]: tensor([[3961., 3961.],
        [ 658.,  658.]], device='cuda:1')
[1]: torch.Size([2, 2])
[3]: tensor([[4663., 4663.],
        [3355., 3355.]], device='cuda:1')
[0]: tensor([[ 972.,  972.],
[3]: torch.Size([2, 2])
        [7858., 7858.]], device='cuda:0')
[0]: torch.Size([2, 2])
[2]: tensor([[ 250.,  250.],
        [3588., 3588.]], device='cuda:0')
[2]: torch.Size([2, 2])
[1]: tensor([[3961., 3961.],
        [ 658.,  658.]], device='cuda:1')
[1]: torch.Size([2, 2])
[0]: tensor([[7613., 7613.],
[3]: tensor([[ 467.,  467.],
        [5833., 5833.]], device='cuda:0')
        [6276., 6276.]], device='cuda:1')
[0]: torch.Size([2, 2])
[3]: torch.Size([2, 2])
[2]: tensor([[ 858.,  858.],
        [9791., 9791.]], device='cuda:0')
[2]: torch.Size([2, 2])
[1]: tensor([[1453., 1453.],
        [7850., 7850.]], device='cuda:1')
[1]: torch.Size([2, 2])
[0]: tensor([[7613., 7613.],
        [5833., 5833.]], device='cuda:0')
[0]: torch.Size([2, 2])
[3]: tensor([[ 467.,  467.],
        [6276., 6276.]], device='cuda:1')
[3]: torch.Size([2, 2])
[2]: tensor([[ 858.,  858.],
        [9791., 9791.]], device='cuda:0')
[2]: torch.Size([2, 2])
[1]: tensor([[1453., 1453.],
        [7850., 7850.]], device='cuda:1')
[1]: torch.Size([2, 2])
[3]: tensor([[7033., 7033.],
[0]: tensor([[ 872.,  872.],
        [8549., 8549.]], device='cuda:0')
        [3275., 3275.]], device='cuda:1')
[0]: torch.Size([2, 2])
[3]: torch.Size([2, 2])
[2]: tensor([[7050., 7050.],
        [7233., 7233.]], device='cuda:0')
[1]: tensor([[1183., 1183.],
[2]: torch.Size([2, 2])
        [7119., 7119.]], device='cuda:1')
[1]: torch.Size([2, 2])
[3]: tensor([[7033., 7033.],
        [3275., 3275.]], device='cuda:1')
[3]: torch.Size([2, 2])
[0]: tensor([[ 872.,  872.],
        [8549., 8549.]], device='cuda:0')
[0]: torch.Size([2, 2])
[2]: tensor([[7050., 7050.],
        [7233., 7233.]], device='cuda:0')
[2]: torch.Size([2, 2])
[1]: tensor([[1183., 1183.],
        [7119., 7119.]], device='cuda:1')
[1]: torch.Size([2, 2])
[3]: tensor([[8915., 8915.],
        [1773., 1773.]], device='cuda:1')
[3]: torch.Size([2, 2])
[0]: tensor([[ 620.,  620.],
        [8785., 8785.]], device='cuda:0')
[2]: tensor([[1066., 1066.],
        [4561., 4561.]], device='cuda:0')
[2]: torch.Size([2, 2])
[0]: torch.Size([2, 2])
[1]: tensor([[2108., 2108.],
        [9295., 9295.]], device='cuda:1')
[1]: torch.Size([2, 2])
[3]: tensor([[8915., 8915.],
        [1773., 1773.]], device='cuda:1')
[3]: torch.Size([2, 2])
[2]: tensor([[1066., 1066.],
        [4561., 4561.]], device='cuda:0')
[2]: torch.Size([2, 2])
[0]: tensor([[ 620.,  620.],
        [8785., 8785.]], device='cuda:0')
[0]: torch.Size([2, 2])
[1]: tensor([[2108., 2108.],
        [9295., 9295.]], device='cuda:1')
[1]: torch.Size([2, 2])
[0]: tensor([[8704., 8704.],
[3]: tensor([[1181., 1181.],
        [4703., 4703.]], device='cuda:1')
[3]: torch.Size([2, 2])
        [5333., 5333.]], device='cuda:0')
[0]: torch.Size([2, 2])
[1]: tensor([[ 968.,  968.],
[2]: tensor([[9535., 9535.],
        [1081., 1081.]], device='cuda:0')
[2]: torch.Size([2, 2])
        [4360., 4360.]], device='cuda:1')
[1]: torch.Size([2, 2])
[3]: tensor([[1181., 1181.],
        [4703., 4703.]], device='cuda:1')
[3]: torch.Size([2, 2])
[0]: tensor([[8704., 8704.],
        [5333., 5333.]], device='cuda:0')
[0]: torch.Size([2, 2])
[2]: tensor([[9535., 9535.],
        [1081., 1081.]], device='cuda:0')
[2]: torch.Size([2, 2])
[1]: tensor([[ 968.,  968.],
        [4360., 4360.]], device='cuda:1')
[1]: torch.Size([2, 2])
[0]: tensor([[7709., 7709.],
        [1767., 1767.]], device='cuda:0')
[0]: torch.Size([2, 2])
[3]: tensor([[8145., 8145.],
        [1724., 1724.]], device='cuda:1')
[3]: torch.Size([2, 2])
[2]: tensor([[8694., 8694.],
        [4358., 4358.]], device='cuda:0')
[2]: torch.Size([2, 2])
[1]: tensor([[9121., 9121.],
        [1735., 1735.]], device='cuda:1')
[1]: torch.Size([2, 2])
[0]: tensor([[7709., 7709.],
        [1767., 1767.]], device='cuda:0')
[0]: torch.Size([2, 2])
[3]: tensor([[8145., 8145.],
        [1724., 1724.]], device='cuda:1')
[3]: torch.Size([2, 2])
[2]: tensor([[8694., 8694.],
        [4358., 4358.]], device='cuda:0')
[2]: torch.Size([2, 2])
[1]: tensor([[9121., 9121.],
        [1735., 1735.]], device='cuda:1')
[1]: torch.Size([2, 2])
[3]: tensor([[6543., 6543.],
[0]: tensor([[4390., 4390.],
        [3375., 3375.]], device='cuda:0')
        [9724., 9724.]], device='cuda:1')
[3]: torch.Size([2, 2])
[0]: torch.Size([2, 2])
[2]: tensor([[1901., 1901.],
        [ 863.,  863.]], device='cuda:0')
[2]: torch.Size([2, 2])
[1]: tensor([[1262., 1262.],
        [4399., 4399.]], device='cuda:1')
[1]: torch.Size([2, 2])
[0]: tensor([[4390., 4390.],
[3]: tensor([[6543., 6543.],
        [3375., 3375.]], device='cuda:0')
[0]: torch.Size([2, 2])
        [9724., 9724.]], device='cuda:1')
[3]: torch.Size([2, 2])
[2]: tensor([[1901., 1901.],
        [ 863.,  863.]], device='cuda:0')
[2]: torch.Size([2, 2])
[1]: tensor([[1262., 1262.],
        [4399., 4399.]], device='cuda:1')
[1]: torch.Size([2, 2])
[0]: tensor([[  45.,   45.],
[3]: tensor([[1221., 1221.],
        [1026., 1026.]], device='cuda:1')
        [7413., 7413.]], device='cuda:0')
[3]: torch.Size([2, 2])
[0]: torch.Size([2, 2])
[2]: tensor([[1988., 1988.],
        [2643., 2643.]], device='cuda:0')
[2]: torch.Size([2, 2])
[1]: tensor([[2182., 2182.],
        [9879., 9879.]], device='cuda:1')
[1]: torch.Size([2, 2])
[3]: tensor([[1221., 1221.],
        [1026., 1026.]], device='cuda:1')
[3]: torch.Size([2, 2])
[2]: tensor([[1988., 1988.],
        [2643., 2643.]], device='cuda:0')
[2]: torch.Size([2, 2])
[0]: tensor([[  45.,   45.],
        [7413., 7413.]], device='cuda:0')
[0]: torch.Size([2, 2])
[1]: tensor([[2182., 2182.],
        [9879., 9879.]], device='cuda:1')
[1]: torch.Size([2, 2])
[3]: tensor([[4374., 4374.],
        [5214., 5214.]], device='cuda:1')
[0]: tensor([[2279., 2279.],
[3]: torch.Size([2, 2])
        [5274., 5274.]], device='cuda:0')
[0]: torch.Size([2, 2])
[2]: tensor([[6554., 6554.],
        [7756., 7756.]], device='cuda:0')
[1]: tensor([[5830., 5830.],
        [ 174.,  174.]], device='cuda:1')
[1]: torch.Size([2, 2])
[2]: torch.Size([2, 2])
[3]: tensor([[4374., 4374.],
        [5214., 5214.]], device='cuda:1')
[3]: torch.Size([2, 2])
[0]: tensor([[2279., 2279.],
        [5274., 5274.]], device='cuda:0')
[0]: torch.Size([2, 2])
[1]: tensor([[5830., 5830.],
        [ 174.,  174.]], device='cuda:1')
[1]: torch.Size([2, 2])
[2]: tensor([[6554., 6554.],
        [7756., 7756.]], device='cuda:0')
[2]: torch.Size([2, 2])
[0]: tensor([[6317., 6317.],
        [9064., 9064.]], device='cuda:0')
[3]: tensor([[9626., 9626.],
        [2575., 2575.]], device='cuda:1')
[3]: torch.Size([2, 2])
[0]: torch.Size([2, 2])
[2]: tensor([[9085., 9085.],
        [9590., 9590.]], device='cuda:0')
[2]: torch.Size([2, 2])
[1]: tensor([[5695., 5695.],
        [4371., 4371.]], device='cuda:1')
[1]: torch.Size([2, 2])
[3]: tensor([[9626., 9626.],
        [2575., 2575.]], device='cuda:1')
[3]: torch.Size([2, 2])
[2]: tensor([[9085., 9085.],
        [9590., 9590.]], device='cuda:0')
[2]: torch.Size([2, 2])
[1]: tensor([[5695., 5695.],
        [4371., 4371.]], device='cuda:1')
[1]: torch.Size([2, 2])
[0]: tensor([[6317., 6317.],
        [9064., 9064.]], device='cuda:0')
[0]: torch.Size([2, 2])
[0]: tensor([[5130., 5130.],
[3]: tensor([[7547., 7547.],
        [7036., 7036.]], device='cuda:1')
        [7481., 7481.]], device='cuda:0')
[3]: torch.Size([2, 2])
[0]: torch.Size([2, 2])
[1]: tensor([[9716., 9716.],
        [3678., 3678.]], device='cuda:1')
[1]: torch.Size([2, 2])
[2]: tensor([[4553., 4553.],
        [2677., 2677.]], device='cuda:0')
[2]: torch.Size([2, 2])
[3]: tensor([[7547., 7547.],
        [7036., 7036.]], device='cuda:1')
[3]: torch.Size([2, 2])
[0]: tensor([[5130., 5130.],
        [7481., 7481.]], device='cuda:0')
[0]: torch.Size([2, 2])
[1]: tensor([[9716., 9716.],
        [3678., 3678.]], device='cuda:1')
[1]: torch.Size([2, 2])
[2]: tensor([[4553., 4553.],
        [2677., 2677.]], device='cuda:0')
[2]: torch.Size([2, 2])
[0]: tensor([[3442., 3442.],
[3]: tensor([[1450., 1450.],
        [3043., 3043.]], device='cuda:0')
        [1027., 1027.]], device='cuda:1')
[3]: torch.Size([2, 2])
[0]: torch.Size([2, 2])
[2]: tensor([[2673., 2673.],
        [6993., 6993.]], device='cuda:0')
[2]: torch.Size([2, 2])
[1]: tensor([[ 880.,  880.],
        [6766., 6766.]], device='cuda:1')
[1]: torch.Size([2, 2])
[3]: tensor([[1450., 1450.],
        [1027., 1027.]], device='cuda:1')
[3]: torch.Size([2, 2])
[2]: tensor([[2673., 2673.],
        [6993., 6993.]], device='cuda:0')
[2]: torch.Size([2, 2])
[1]: tensor([[ 880.,  880.],
        [6766., 6766.]], device='cuda:1')
[1]: torch.Size([2, 2])
[0]: tensor([[3442., 3442.],
        [3043., 3043.]], device='cuda:0')
[0]: torch.Size([2, 2])
[0]: tensor([[5828., 5828.],
[3]: tensor([[ 977.,  977.],
        [5466., 5466.]], device='cuda:1')
        [5703., 5703.]], device='cuda:0')
[3]: torch.Size([2, 2])
[0]: torch.Size([2, 2])
[2]: tensor([[ 107.,  107.],
        [7155., 7155.]], device='cuda:0')
[2]: torch.Size([2, 2])
[1]: tensor([[7616., 7616.],
        [ 692.,  692.]], device='cuda:1')
[1]: torch.Size([2, 2])
[3]: tensor([[ 977.,  977.],
        [5466., 5466.]], device='cuda:1')
[3]: torch.Size([2, 2])
[0]: tensor([[5828., 5828.],
        [5703., 5703.]], device='cuda:0')
[0]: torch.Size([2, 2])
[1]: tensor([[7616., 7616.],
        [ 692.,  692.]], device='cuda:1')
[1]: torch.Size([2, 2])
[2]: tensor([[ 107.,  107.],
        [7155., 7155.]], device='cuda:0')
[2]: torch.Size([2, 2])
[0]: tensor([[6489., 6489.],
        [8830., 8830.]], device='cuda:0')
[3]: tensor([[1378., 1378.],
        [1644., 1644.]], device='cuda:1')
[3]: torch.Size([2, 2])
[0]: torch.Size([2, 2])
[2]: tensor([[2173., 2173.],
        [9004., 9004.]], device='cuda:0')
[2]: torch.Size([2, 2])
[1]: tensor([[3620., 3620.],
        [3140., 3140.]], device='cuda:1')
[1]: torch.Size([2, 2])
[0]: tensor([[6489., 6489.],
[3]: tensor([[1378., 1378.],
        [1644., 1644.]], device='cuda:1')
[3]: torch.Size([2, 2])
        [8830., 8830.]], device='cuda:0')
[2]: tensor([[2173., 2173.],
        [9004., 9004.]], device='cuda:0')
[2]: torch.Size([2, 2])
[0]: torch.Size([2, 2])
[1]: tensor([[3620., 3620.],
        [3140., 3140.]], device='cuda:1')
[1]: torch.Size([2, 2])
[0]: tensor([[9967., 9967.],
[3]: tensor([[6987., 6987.],
        [9900., 9900.]], device='cuda:1')
[3]: torch.Size([2, 2])
        [9325., 9325.]], device='cuda:0')
[0]: torch.Size([2, 2])
[1]: tensor([[6250., 6250.],
[2]: tensor([[3340., 3340.],
        [7959., 7959.]], device='cuda:0')
        [8779., 8779.]], device='cuda:1')
[2]: torch.Size([2, 2])
[1]: torch.Size([2, 2])
[3]: tensor([[6987., 6987.],
        [9900., 9900.]], device='cuda:1')
[3]: torch.Size([2, 2])
[0]: tensor([[9967., 9967.],
        [9325., 9325.]], device='cuda:0')
[0]: torch.Size([2, 2])
[2]: tensor([[3340., 3340.],
        [7959., 7959.]], device='cuda:0')
[2]: torch.Size([2, 2])
[1]: tensor([[6250., 6250.],
        [8779., 8779.]], device='cuda:1')
[1]: torch.Size([2, 2])
[0]: tensor([[4069., 4069.],
        [9570., 9570.]], device='cuda:0')
[0]: torch.Size([2, 2])
[3]: tensor([[9322., 9322.],
        [2384., 2384.]], device='cuda:1')
[3]: torch.Size([2, 2])
[2]: tensor([[1224., 1224.],
        [4303., 4303.]], device='cuda:0')
[2]: torch.Size([2, 2])
[1]: tensor([[3550., 3550.],
        [6599., 6599.]], device='cuda:1')
[1]: torch.Size([2, 2])
[0]: tensor([[4069., 4069.],
        [9570., 9570.]], device='cuda:0')
[3]: tensor([[9322., 9322.],
[0]: torch.Size([2, 2])
        [2384., 2384.]], device='cuda:1')
[3]: torch.Size([2, 2])
[2]: tensor([[1224., 1224.],
        [4303., 4303.]], device='cuda:0')
[2]: torch.Size([2, 2])
[1]: tensor([[3550., 3550.],
        [6599., 6599.]], device='cuda:1')
[1]: torch.Size([2, 2])
[3]: tensor([[1237., 1237.],
[0]: tensor([[ 432.,  432.],
        [3411., 3411.]], device='cuda:1')
        [3011., 3011.]], device='cuda:0')
[3]: torch.Size([2, 2])
[0]: torch.Size([2, 2])
[2]: tensor([[1886., 1886.],
        [1589., 1589.]], device='cuda:0')
[1]: tensor([[1701., 1701.],
[2]: torch.Size([2, 2])
        [7687., 7687.]], device='cuda:1')
[3]: tensor([[1237., 1237.],
        [3411., 3411.]], device='cuda:1')
[3]: torch.Size([2, 2])
[1]: torch.Size([2, 2])
[0]: tensor([[ 432.,  432.],
        [3011., 3011.]], device='cuda:0')
[0]: torch.Size([2, 2])
[2]: tensor([[1886., 1886.],
        [1589., 1589.]], device='cuda:0')
[2]: torch.Size([2, 2])
[1]: tensor([[1701., 1701.],
        [7687., 7687.]], device='cuda:1')
[1]: torch.Size([2, 2])
[0]: tensor([[ 645.,  645.],
[3]: tensor([[1119., 1119.],
        [5471., 5471.]], device='cuda:1')
[3]: torch.Size([2, 2])
        [8280., 8280.]], device='cuda:0')
[0]: torch.Size([2, 2])
[2]: tensor([[4698., 4698.],
        [4651., 4651.]], device='cuda:0')
[1]: tensor([[1709., 1709.],
        [7878., 7878.]], device='cuda:1')
[1]: torch.Size([2, 2])
[2]: torch.Size([2, 2])
[3]: tensor([[1119., 1119.],
        [5471., 5471.]], device='cuda:1')
[3]: torch.Size([2, 2])
[1]: tensor([[1709., 1709.],
        [7878., 7878.]], device='cuda:1')[0]: tensor([[ 645.,  645.],
        [8280., 8280.]], device='cuda:0')

[2]: tensor([[4698., 4698.],
[0]: torch.Size([2, 2])
        [4651., 4651.]], device='cuda:0')
[2]: torch.Size([2, 2])
[1]: torch.Size([2, 2])
[0]: tensor([[2096., 2096.],
        [8908., 8908.]], device='cuda:0')
[3]: tensor([[6742., 6742.],
        [ 282.,  282.]], device='cuda:1')
[3]: torch.Size([2, 2])
[0]: torch.Size([2, 2])
[1]: tensor([[8462., 8462.],
        [ 520.,  520.]], device='cuda:1')
[1]: torch.Size([2, 2])
[2]: tensor([[4970., 4970.],
        [8356., 8356.]], device='cuda:0')
[2]: torch.Size([2, 2])
[3]: tensor([[6742., 6742.],
        [ 282.,  282.]], device='cuda:1')
[3]: torch.Size([2, 2])
[0]: tensor([[2096., 2096.],
        [8908., 8908.]], device='cuda:0')
[0]: torch.Size([2, 2])
[1]: tensor([[8462., 8462.],
        [ 520.,  520.]], device='cuda:1')
[1]: torch.Size([2, 2])
[2]: tensor([[4970., 4970.],
        [8356., 8356.]], device='cuda:0')
[2]: torch.Size([2, 2])
[0]: tensor([[7081., 7081.],
        [1771., 1771.]], device='cuda:0')
[3]: tensor([[9751., 9751.],
        [5235., 5235.]], device='cuda:1')
[3]: torch.Size([2, 2])
[0]: torch.Size([2, 2])
[2]: tensor([[ 417.,  417.],
        [4228., 4228.]], device='cuda:0')
[2]: torch.Size([2, 2])
[1]: tensor([[3846., 3846.],
        [5227., 5227.]], device='cuda:1')
[1]: torch.Size([2, 2])
[3]: tensor([[9751., 9751.],
        [5235., 5235.]], device='cuda:1')
[2]: tensor([[ 417.,  417.],
        [4228., 4228.]], device='cuda:0')
[2]: torch.Size([2, 2])
[3]: torch.Size([2, 2])
[1]: tensor([[3846., 3846.],
        [5227., 5227.]], device='cuda:1')
[1]: torch.Size([2, 2])
[0]: tensor([[7081., 7081.],
        [1771., 1771.]], device='cuda:0')
[0]: torch.Size([2, 2])
[0]: tensor([[4937., 4937.],
[3]: tensor([[6454., 6454.],
        [5122., 5122.]], device='cuda:1')
        [7041., 7041.]], device='cuda:0')
[3]: torch.Size([2, 2])
[0]: torch.Size([2, 2])
[1]: tensor([[1076., 1076.],
        [2395., 2395.]], device='cuda:1')
[1]: torch.Size([2, 2])
[2]: tensor([[ 191.,  191.],
        [8135., 8135.]], device='cuda:0')
[2]: torch.Size([2, 2])
[3]: tensor([[6454., 6454.],
        [5122., 5122.]], device='cuda:1')
[3]: torch.Size([2, 2])
[0]: tensor([[4937., 4937.],
        [7041., 7041.]], device='cuda:0')
[0]: torch.Size([2, 2])
[1]: tensor([[1076., 1076.],
        [2395., 2395.]], device='cuda:1')
[1]: torch.Size([2, 2])
[2]: tensor([[ 191.,  191.],
        [8135., 8135.]], device='cuda:0')
[2]: torch.Size([2, 2])
[0]: tensor([[7461., 7461.],
        [3801., 3801.]], device='cuda:0')
[3]: tensor([[3065., 3065.],
        [9801., 9801.]], device='cuda:1')
[3]: torch.Size([2, 2])
[0]: torch.Size([2, 2])
[2]: tensor([[8064., 8064.],
        [2514., 2514.]], device='cuda:0')
[2]: torch.Size([2, 2])
[1]: tensor([[1656., 1656.],
        [6704., 6704.]], device='cuda:1')
[1]: torch.Size([2, 2])
[3]: tensor([[3065., 3065.],
        [9801., 9801.]], device='cuda:1')
[3]: torch.Size([2, 2])
[1]: tensor([[1656., 1656.],
        [6704., 6704.]], device='cuda:1')
[1]: torch.Size([2, 2])
[2]: tensor([[8064., 8064.],
        [2514., 2514.]], device='cuda:0')
[2]: torch.Size([2, 2])
[0]: tensor([[7461., 7461.],
        [3801., 3801.]], device='cuda:0')
[0]: torch.Size([2, 2])
[0]: tensor([[8723., 8723.],
        [9951., 9951.]], device='cuda:0')
[3]: tensor([[7366., 7366.],
        [1960., 1960.]], device='cuda:1')
[3]: torch.Size([2, 2])
[0]: torch.Size([2, 2])
[1]: tensor([[7062., 7062.],
        [2800., 2800.]], device='cuda:1')
[1]: torch.Size([2, 2])
[2]: tensor([[1213., 1213.],
        [2584., 2584.]], device='cuda:0')
[2]: torch.Size([2, 2])
[3]: tensor([[7366., 7366.],
        [1960., 1960.]], device='cuda:1')
[3]: torch.Size([2, 2])
[0]: tensor([[8723., 8723.],
        [9951., 9951.]], device='cuda:0')
[0]: torch.Size([2, 2])
[1]: tensor([[7062., 7062.],
        [2800., 2800.]], device='cuda:1')
[1]: torch.Size([2, 2])
[2]: tensor([[1213., 1213.],
        [2584., 2584.]], device='cuda:0')
[2]: torch.Size([2, 2])
[0]: tensor([[1494., 1494.],
        [7683., 7683.]], device='cuda:0')
[3]: tensor([[5043., 5043.],
        [9514., 9514.]], device='cuda:1')
[3]: torch.Size([2, 2])
[0]: torch.Size([2, 2])
[2]: tensor([[7306., 7306.],
        [5945., 5945.]], device='cuda:0')
[2]: torch.Size([2, 2])
[1]: tensor([[8363., 8363.],
        [4963., 4963.]], device='cuda:1')
[1]: torch.Size([2, 2])
[3]: tensor([[5043., 5043.],
        [9514., 9514.]], device='cuda:1')
[3]: torch.Size([2, 2])
[2]: tensor([[7306., 7306.],
        [5945., 5945.]], device='cuda:0')
[2]: torch.Size([2, 2])
[1]: tensor([[8363., 8363.],
        [4963., 4963.]], device='cuda:1')
[1]: torch.Size([2, 2])
[0]: tensor([[1494., 1494.],
        [7683., 7683.]], device='cuda:0')
[0]: torch.Size([2, 2])
[0]: tensor([[3141., 3141.],
[3]: tensor([[ 368.,  368.],
        [2567., 2567.]], device='cuda:1')
        [6185., 6185.]], device='cuda:0')
[3]: torch.Size([2, 2])
[0]: torch.Size([2, 2])
[1]: tensor([[ 298.,  298.],
        [7313., 7313.]], device='cuda:1')
[1]: torch.Size([2, 2])
[2]: tensor([[3755., 3755.],
        [9766., 9766.]], device='cuda:0')
[2]: torch.Size([2, 2])
[3]: tensor([[ 368.,  368.],
        [2567., 2567.]], device='cuda:1')
[3]: torch.Size([2, 2])
[0]: tensor([[3141., 3141.],
        [6185., 6185.]], device='cuda:0')
[0]: torch.Size([2, 2])
[1]: tensor([[ 298.,  298.],
        [7313., 7313.]], device='cuda:1')
[1]: torch.Size([2, 2])
[2]: tensor([[3755., 3755.],
        [9766., 9766.]], device='cuda:0')
[2]: torch.Size([2, 2])
[0]: tensor([[2761., 2761.],
[3]: tensor([[1268., 1268.],
        [ 170.,  170.]], device='cuda:0')
        [4778., 4778.]], device='cuda:1')
[3]: torch.Size([2, 2])
[0]: torch.Size([2, 2])
[2]: tensor([[5591., 5591.],
        [9582., 9582.]], device='cuda:0')
[2]: torch.Size([2, 2])
[1]: tensor([[1874., 1874.],
        [9776., 9776.]], device='cuda:1')
[1]: torch.Size([2, 2])
[3]: tensor([[1268., 1268.],
        [4778., 4778.]], device='cuda:1')
[3]: torch.Size([2, 2])
[2]: tensor([[5591., 5591.],
        [9582., 9582.]], device='cuda:0')
[2]: torch.Size([2, 2])
[1]: tensor([[1874., 1874.],
        [9776., 9776.]], device='cuda:1')
[1]: torch.Size([2, 2])
[0]: tensor([[2761., 2761.],
        [ 170.,  170.]], device='cuda:0')
[0]: torch.Size([2, 2])
[0]: tensor([[6799., 6799.],
[3]: tensor([[5475., 5475.],
        [4162., 4162.]], device='cuda:1')
        [1666., 1666.]], device='cuda:0')
[3]: torch.Size([2, 2])
[0]: torch.Size([2, 2])
[1]: tensor([[4248., 4248.],
        [7294., 7294.]], device='cuda:1')
[1]: torch.Size([2, 2])
[2]: tensor([[3956., 3956.],
        [5018., 5018.]], device='cuda:0')
[2]: torch.Size([2, 2])
[3]: tensor([[5475., 5475.],
        [4162., 4162.]], device='cuda:1')
[3]: torch.Size([2, 2])
[0]: tensor([[6799., 6799.],
        [1666., 1666.]], device='cuda:0')
[0]: torch.Size([2, 2])
[1]: tensor([[4248., 4248.],
        [7294., 7294.]], device='cuda:1')
[1]: torch.Size([2, 2])
[2]: tensor([[3956., 3956.],
        [5018., 5018.]], device='cuda:0')
[2]: torch.Size([2, 2])
[0]: tensor([[1267., 1267.],
        [3979., 3979.]], device='cuda:0')
[3]: tensor([[3731., 3731.],
        [3270., 3270.]], device='cuda:1')
[3]: torch.Size([2, 2])
[0]: torch.Size([2, 2])
[2]: tensor([[6218., 6218.],
        [3901., 3901.]], device='cuda:0')
[1]: tensor([[6256., 6256.],
        [7400., 7400.]], device='cuda:1')
[1]: torch.Size([2, 2])
[2]: torch.Size([2, 2])
[3]: tensor([[3731., 3731.],
        [3270., 3270.]], device='cuda:1')
[3]: torch.Size([2, 2])
[1]: tensor([[6256., 6256.],
        [7400., 7400.]], device='cuda:1')
[1]: torch.Size([2, 2])
[0]: tensor([[1267., 1267.],
        [3979., 3979.]], device='cuda:0')
[2]: tensor([[6218., 6218.],
        [3901., 3901.]], device='cuda:0')
[2]: torch.Size([2, 2])
[0]: torch.Size([2, 2])
[0]: tensor([[1671., 1671.],
        [1667., 1667.]], device='cuda:0')
[3]: tensor([[6784., 6784.],
        [1535., 1535.]], device='cuda:1')
[3]: torch.Size([2, 2])
[0]: torch.Size([2, 2])
[1]: tensor([[8753., 8753.],
        [2684., 2684.]], device='cuda:1')
[1]: torch.Size([2, 2])
[2]: tensor([[8821., 8821.],
        [1997., 1997.]], device='cuda:0')
[2]: torch.Size([2, 2])
[3]: tensor([[6784., 6784.],
        [1535., 1535.]], device='cuda:1')
[3]: torch.Size([2, 2])
[0]: tensor([[1671., 1671.],
        [1667., 1667.]], device='cuda:0')
[0]: torch.Size([2, 2])
[1]: tensor([[8753., 8753.],
        [2684., 2684.]], device='cuda:1')
[1]: torch.Size([2, 2])
[2]: tensor([[8821., 8821.],
        [1997., 1997.]], device='cuda:0')
[2]: torch.Size([2, 2])
[0]: tensor([[4865., 4865.],
        [2004., 2004.]], device='cuda:0')
[0]: torch.Size([2, 2])
[3]: tensor([[9164., 9164.],
        [4070., 4070.]], device='cuda:1')
[3]: torch.Size([2, 2])
[2]: tensor([[5812., 5812.],
        [9176., 9176.]], device='cuda:0')
[2]: torch.Size([2, 2])
[1]: tensor([[4590., 4590.],
        [9925., 9925.]], device='cuda:1')
[1]: torch.Size([2, 2])
[3]: tensor([[9164., 9164.],
        [4070., 4070.]], device='cuda:1')
[3]: torch.Size([2, 2])
[0]: tensor([[4865., 4865.],
        [2004., 2004.]], device='cuda:0')[1]: tensor([[4590., 4590.],
        [9925., 9925.]], device='cuda:1')
[1]: torch.Size([2, 2])
[2]: tensor([[5812., 5812.],
        [9176., 9176.]], device='cuda:0')
[2]: torch.Size([2, 2])

[0]: torch.Size([2, 2])
[0]: tensor([[4025., 4025.],
[3]: tensor([[9188., 9188.],
        [9232., 9232.]], device='cuda:1')
        [1482., 1482.]], device='cuda:0')
[3]: torch.Size([2, 2])
[0]: torch.Size([2, 2])
[1]: tensor([[6800., 6800.],
        [1150., 1150.]], device='cuda:1')
[1]: torch.Size([2, 2])
[2]: tensor([[8656., 8656.],
        [5366., 5366.]], device='cuda:0')
[2]: torch.Size([2, 2])
[3]: tensor([[9188., 9188.],
        [9232., 9232.]], device='cuda:1')
[3]: torch.Size([2, 2])
[0]: tensor([[4025., 4025.],
        [1482., 1482.]], device='cuda:0')
[0]: torch.Size([2, 2])
[1]: tensor([[6800., 6800.],
        [1150., 1150.]], device='cuda:1')
[1]: torch.Size([2, 2])
[2]: tensor([[8656., 8656.],
        [5366., 5366.]], device='cuda:0')
[2]: torch.Size([2, 2])
[0]: tensor([[ 852.,  852.],
        [7247., 7247.]], device='cuda:0')
[3]: tensor([[7107., 7107.],
        [2607., 2607.]], device='cuda:1')
[3]: torch.Size([2, 2])
[0]: torch.Size([2, 2])
[2]: tensor([[7941., 7941.],
        [6774., 6774.]], device='cuda:0')
[2]: torch.Size([2, 2])
[1]: tensor([[8695., 8695.],
        [4947., 4947.]], device='cuda:1')
[1]: torch.Size([2, 2])
[3]: tensor([[7107., 7107.],
        [2607., 2607.]], device='cuda:1')
[3]: torch.Size([2, 2])
[1]: tensor([[8695., 8695.],
        [4947., 4947.]], device='cuda:1')
[1]: torch.Size([2, 2])
[0]: tensor([[ 852.,  852.],
[2]: tensor([[7941., 7941.],
        [6774., 6774.]], device='cuda:0')
[2]: torch.Size([2, 2])
        [7247., 7247.]], device='cuda:0')
[0]: torch.Size([2, 2])
[0]: tensor([[8173., 8173.],
[3]: tensor([[9911., 9911.],
        [2443., 2443.]], device='cuda:1')
[3]: torch.Size([2, 2])
        [  33.,   33.]], device='cuda:0')
[0]: torch.Size([2, 2])
[1]: tensor([[3163., 3163.],
        [5266., 5266.]], device='cuda:1')
[1]: torch.Size([2, 2])
[2]: tensor([[2968., 2968.],
        [3745., 3745.]], device='cuda:0')
[2]: torch.Size([2, 2])
[3]: tensor([[9911., 9911.],
        [2443., 2443.]], device='cuda:1')
[3]: torch.Size([2, 2])
[0]: tensor([[8173., 8173.],
        [  33.,   33.]], device='cuda:0')
[0]: torch.Size([2, 2])
[1]: tensor([[3163., 3163.],
        [5266., 5266.]], device='cuda:1')
[1]: torch.Size([2, 2])
[2]: tensor([[2968., 2968.],
        [3745., 3745.]], device='cuda:0')
[2]: torch.Size([2, 2])
[0]: tensor([[2436., 2436.],
        [7622., 7622.]], device='cuda:0')
[3]: tensor([[  57.,   57.],
        [5789., 5789.]], device='cuda:1')
[3]: torch.Size([2, 2])
[0]: torch.Size([2, 2])
[2]: tensor([[8836., 8836.],
        [4018., 4018.]], device='cuda:0')
[2]: torch.Size([2, 2])
[1]: tensor([[8337., 8337.],
        [8305., 8305.]], device='cuda:1')
[1]: torch.Size([2, 2])
[3]: tensor([[  57.,   57.],
        [5789., 5789.]], device='cuda:1')
[3]: torch.Size([2, 2])
[2]: tensor([[8836., 8836.],
        [4018., 4018.]], device='cuda:0')
[2]: torch.Size([2, 2])
[1]: tensor([[8337., 8337.],
        [8305., 8305.]], device='cuda:1')
[1]: torch.Size([2, 2])
[0]: tensor([[2436., 2436.],
        [7622., 7622.]], device='cuda:0')
[0]: torch.Size([2, 2])
[0]: tensor([[7161., 7161.],
[3]: tensor([[8710., 8710.],
        [4886., 4886.]], device='cuda:1')
[3]: torch.Size([2, 2])
        [9221., 9221.]], device='cuda:0')
[0]: torch.Size([2, 2])
[1]: tensor([[7529., 7529.],
        [5314., 5314.]], device='cuda:1')
[1]: torch.Size([2, 2])
[2]: tensor([[ 755.,  755.],
        [8563., 8563.]], device='cuda:0')
[2]: torch.Size([2, 2])
[3]: tensor([[8710., 8710.],
        [4886., 4886.]], device='cuda:1')
[3]: torch.Size([2, 2])
[0]: tensor([[7161., 7161.],
        [9221., 9221.]], device='cuda:0')
[0]: torch.Size([2, 2])
[1]: tensor([[7529., 7529.],
        [5314., 5314.]], device='cuda:1')
[1]: torch.Size([2, 2])
[2]: tensor([[ 755.,  755.],
        [8563., 8563.]], device='cuda:0')
[2]: torch.Size([2, 2])
[0]: tensor([[4067., 4067.],
[3]: tensor([[3482., 3482.],
        [2311., 2311.]], device='cuda:1')
[3]: torch.Size([2, 2])
        [2067., 2067.]], device='cuda:0')
[0]: torch.Size([2, 2])
[2]: tensor([[7071., 7071.],
        [5498., 5498.]], device='cuda:0')
[2]: torch.Size([2, 2])
[1]: tensor([[6793., 6793.],
        [3812., 3812.]], device='cuda:1')
[1]: torch.Size([2, 2])
[3]: tensor([[3482., 3482.],
        [2311., 2311.]], device='cuda:1')
[3]: torch.Size([2, 2])
[1]: tensor([[6793., 6793.],
        [3812., 3812.]], device='cuda:1')
[1]: torch.Size([2, 2])
[2]: tensor([[7071., 7071.],
        [5498., 5498.]], device='cuda:0')
[2]: torch.Size([2, 2])
[0]: tensor([[4067., 4067.],
        [2067., 2067.]], device='cuda:0')
[0]: torch.Size([2, 2])
[3]: tensor([[7731., 7731.],
        [9668., 9668.]], device='cuda:1')
[3]: torch.Size([2, 2])
[0]: tensor([[7034., 7034.],
        [7070., 7070.]], device='cuda:0')
[0]: torch.Size([2, 2])
[2]: tensor([[1405., 1405.],
        [2189., 2189.]], device='cuda:0')
[2]: torch.Size([2, 2])
[1]: tensor([[3301., 3301.],
        [9889., 9889.]], device='cuda:1')
[1]: torch.Size([2, 2])
[3]: tensor([[7731., 7731.],
        [9668., 9668.]], device='cuda:1')
[3]: torch.Size([2, 2])
[0]: tensor([[7034., 7034.],
        [7070., 7070.]], device='cuda:0')
[2]: tensor([[1405., 1405.],
        [2189., 2189.]], device='cuda:0')
[0]: torch.Size([2, 2])
[2]: torch.Size([2, 2])
[1]: tensor([[3301., 3301.],
        [9889., 9889.]], device='cuda:1')
[1]: torch.Size([2, 2])
[0]: tensor([[9662., 9662.],
        [8840., 8840.]], device='cuda:0')
[3]: tensor([[1210., 1210.],
        [7762., 7762.]], device='cuda:1')
[3]: torch.Size([2, 2])
[0]: torch.Size([2, 2])
[2]: tensor([[6978., 6978.],
        [2066., 2066.]], device='cuda:0')
[2]: torch.Size([2, 2])
[1]: tensor([[4065., 4065.],
        [8005., 8005.]], device='cuda:1')
[1]: torch.Size([2, 2])
[3]: tensor([[1210., 1210.],
        [7762., 7762.]], device='cuda:1')
[3]: torch.Size([2, 2])[2]: tensor([[6978., 6978.],
        [2066., 2066.]], device='cuda:0')
[2]: torch.Size([2, 2])

[1]: tensor([[4065., 4065.],
        [8005., 8005.]], device='cuda:1')
[1]: torch.Size([2, 2])
[0]: tensor([[9662., 9662.],
        [8840., 8840.]], device='cuda:0')
[0]: torch.Size([2, 2])
[3]: tensor([[8992., 8992.],
[0]: tensor([[8402., 8402.],
        [3929., 3929.]], device='cuda:1')
[3]: torch.Size([2, 2])
        [  78.,   78.]], device='cuda:0')
[0]: torch.Size([2, 2])
[2]: tensor([[3590., 3590.],
        [2318., 2318.]], device='cuda:0')
[2]: torch.Size([2, 2])
[1]: tensor([[3544., 3544.],
        [8627., 8627.]], device='cuda:1')
[1]: torch.Size([2, 2])
[3]: tensor([[8992., 8992.],
        [3929., 3929.]], device='cuda:1')
[3]: torch.Size([2, 2])
[0]: tensor([[8402., 8402.],
        [  78.,   78.]], device='cuda:0')
[0]: torch.Size([2, 2])
[1]: tensor([[3544., 3544.],
        [8627., 8627.]], device='cuda:1')
[1]: torch.Size([2, 2])
[2]: tensor([[3590., 3590.],
        [2318., 2318.]], device='cuda:0')
[2]: torch.Size([2, 2])
[0]: tensor([[8088., 8088.],
        [2248., 2248.]], device='cuda:0')
[3]: tensor([[ 952.,  952.],
        [4788., 4788.]], device='cuda:1')
[3]: torch.Size([2, 2])
[0]: torch.Size([2, 2])
[2]: tensor([[5892., 5892.],
        [3882., 3882.]], device='cuda:0')
[2]: torch.Size([2, 2])
[1]: tensor([[ 416.,  416.],
        [9376., 9376.]], device='cuda:1')
[1]: torch.Size([2, 2])
[3]: tensor([[ 952.,  952.],
        [4788., 4788.]], device='cuda:1')
[3]: torch.Size([2, 2])
[2]: tensor([[5892., 5892.],
        [3882., 3882.]], device='cuda:0')
[2]: torch.Size([2, 2])
[1]: tensor([[ 416.,  416.],
        [9376., 9376.]], device='cuda:1')
[1]: torch.Size([2, 2])
[0]: tensor([[8088., 8088.],
        [2248., 2248.]], device='cuda:0')
[0]: torch.Size([2, 2])
[3]: tensor([[9560., 9560.],
[0]: tensor([[3175., 3175.],
        [4024., 4024.]], device='cuda:1')
[3]: torch.Size([2, 2])
        [9478., 9478.]], device='cuda:0')
[0]: torch.Size([2, 2])
[2]: tensor([[8662., 8662.],
[1]: tensor([[7897., 7897.],
        [5606., 5606.]], device='cuda:1')
[1]: torch.Size([2, 2])
        [3611., 3611.]], device='cuda:0')
[2]: torch.Size([2, 2])
[3]: tensor([[9560., 9560.],
        [4024., 4024.]], device='cuda:1')
[3]: torch.Size([2, 2])
[0]: tensor([[3175., 3175.],
        [9478., 9478.]], device='cuda:0')
[0]: torch.Size([2, 2])
[1]: tensor([[7897., 7897.],
        [5606., 5606.]], device='cuda:1')
[1]: torch.Size([2, 2])
[2]: tensor([[8662., 8662.],
        [3611., 3611.]], device='cuda:0')
[2]: torch.Size([2, 2])
[0]: tensor([[ 497.,  497.],
        [7084., 7084.]], device='cuda:0')
[3]: tensor([[8066., 8066.],
        [6098., 6098.]], device='cuda:1')
[3]: torch.Size([2, 2])
[0]: torch.Size([2, 2])
[2]: tensor([[8658., 8658.],
        [6293., 6293.]], device='cuda:0')
[1]: tensor([[3085., 3085.],
        [6837., 6837.]], device='cuda:1')
[1]: torch.Size([2, 2])
[2]: torch.Size([2, 2])
[3]: tensor([[8066., 8066.],
        [6098., 6098.]], device='cuda:1')
[3]: torch.Size([2, 2])
[1]: tensor([[3085., 3085.],
        [6837., 6837.]], device='cuda:1')
[1]: torch.Size([2, 2])
[0]: tensor([[ 497.,  497.],
[2]: tensor([[8658., 8658.],
        [6293., 6293.]], device='cuda:0')
[2]: torch.Size([2, 2])
        [7084., 7084.]], device='cuda:0')
[0]: torch.Size([2, 2])
[0]: tensor([[9888., 9888.],
[3]: tensor([[5474., 5474.],
        [5452., 5452.]], device='cuda:1')
[3]: torch.Size([2, 2])
        [7917., 7917.]], device='cuda:0')
[0]: torch.Size([2, 2])
[1]: tensor([[4814., 4814.],
        [5517., 5517.]], device='cuda:1')
[1]: torch.Size([2, 2])
[2]: tensor([[5362., 5362.],
        [2606., 2606.]], device='cuda:0')
[2]: torch.Size([2, 2])
[3]: tensor([[5474., 5474.],
        [5452., 5452.]], device='cuda:1')
[3]: torch.Size([2, 2])
[0]: tensor([[9888., 9888.],
        [7917., 7917.]], device='cuda:0')
[0]: torch.Size([2, 2])
[1]: tensor([[4814., 4814.],
        [5517., 5517.]], device='cuda:1')
[1]: torch.Size([2, 2])
[2]: tensor([[5362., 5362.],
        [2606., 2606.]], device='cuda:0')
[2]: torch.Size([2, 2])
[0]: tensor([[ 617.,  617.],
        [8417., 8417.]], device='cuda:0')
[3]: tensor([[ 827.,  827.],
        [6348., 6348.]], device='cuda:1')
[3]: torch.Size([2, 2])
[0]: torch.Size([2, 2])
[2]: tensor([[2823., 2823.],
        [3149., 3149.]], device='cuda:0')
[2]: torch.Size([2, 2])
[1]: tensor([[2215., 2215.],
        [7458., 7458.]], device='cuda:1')
[1]: torch.Size([2, 2])
[3]: tensor([[ 827.,  827.],
        [6348., 6348.]], device='cuda:1')
[3]: torch.Size([2, 2])
[2]: tensor([[2823., 2823.],
        [3149., 3149.]], device='cuda:0')
[2]: torch.Size([2, 2])
[1]: tensor([[2215., 2215.],
        [7458., 7458.]], device='cuda:1')
[1]: torch.Size([2, 2])
[0]: tensor([[ 617.,  617.],
        [8417., 8417.]], device='cuda:0')
[0]: torch.Size([2, 2])
[3]: tensor([[1725., 1725.],
        [2957., 2957.]], device='cuda:1')
[3]: torch.Size([2, 2])
[0]: tensor([[ 235.,  235.],
        [7551., 7551.]], device='cuda:0')
[0]: torch.Size([2, 2])
[2]: tensor([[9189., 9189.],
[1]: tensor([[1452., 1452.],
        [4662., 4662.]], device='cuda:1')
[1]: torch.Size([2, 2])
        [9602., 9602.]], device='cuda:0')
[2]: torch.Size([2, 2])
[3]: tensor([[1725., 1725.],
        [2957., 2957.]], device='cuda:1')
[3]: torch.Size([2, 2])
[0]: tensor([[ 235.,  235.],
        [7551., 7551.]], device='cuda:0')
[0]: torch.Size([2, 2])
[1]: tensor([[1452., 1452.],
        [4662., 4662.]], device='cuda:1')
[1]: torch.Size([2, 2])
[2]: tensor([[9189., 9189.],
        [9602., 9602.]], device='cuda:0')
[2]: torch.Size([2, 2])
[0]: tensor([[ 793.,  793.],
        [9556., 9556.]], device='cuda:0')
[3]: tensor([[7832., 7832.],
[0]: torch.Size([2, 2])
        [1896., 1896.]], device='cuda:1')
[3]: torch.Size([2, 2])
[2]: tensor([[1123., 1123.],
        [7624., 7624.]], device='cuda:0')
[2]: torch.Size([2, 2])
[1]: tensor([[1623., 1623.],
        [2484., 2484.]], device='cuda:1')
[1]: torch.Size([2, 2])
[3]: tensor([[7832., 7832.],
        [1896., 1896.]], device='cuda:1')
[2]: tensor([[1123., 1123.],
        [7624., 7624.]], device='cuda:0')
[2]: torch.Size([2, 2])
[3]: torch.Size([2, 2])
[1]: tensor([[1623., 1623.],
        [2484., 2484.]], device='cuda:1')
[1]: torch.Size([2, 2])
[0]: tensor([[ 793.,  793.],
        [9556., 9556.]], device='cuda:0')
[0]: torch.Size([2, 2])
[0]: tensor([[ 568.,  568.],
[3]: tensor([[8311., 8311.],
        [3040., 3040.]], device='cuda:1')
[3]: torch.Size([2, 2])
        [6347., 6347.]], device='cuda:0')
[0]: torch.Size([2, 2])
[1]: tensor([[5419., 5419.],
        [1728., 1728.]], device='cuda:1')
[1]: torch.Size([2, 2])
[2]: tensor([[6971., 6971.],
        [1432., 1432.]], device='cuda:0')
[2]: torch.Size([2, 2])
[3]: tensor([[8311., 8311.],
        [3040., 3040.]], device='cuda:1')
[3]: torch.Size([2, 2])
[0]: tensor([[ 568.,  568.],
        [6347., 6347.]], device='cuda:0')
[0]: torch.Size([2, 2])
[1]: tensor([[5419., 5419.],
        [1728., 1728.]], device='cuda:1')
[1]: torch.Size([2, 2])
[2]: tensor([[6971., 6971.],
        [1432., 1432.]], device='cuda:0')
[2]: torch.Size([2, 2])
[0]: tensor([[2916., 2916.],
        [9396., 9396.]], device='cuda:0')
[3]: tensor([[6479., 6479.],
        [6558., 6558.]], device='cuda:1')
[3]: torch.Size([2, 2])
[0]: torch.Size([2, 2])
[2]: tensor([[8592., 8592.],
        [9372., 9372.]], device='cuda:0')
[2]: torch.Size([2, 2])
[1]: tensor([[ 644.,  644.],
        [2339., 2339.]], device='cuda:1')
[1]: torch.Size([2, 2])
[3]: tensor([[6479., 6479.],
        [6558., 6558.]], device='cuda:1')
[3]: torch.Size([2, 2])
[1]: tensor([[ 644.,  644.],
        [2339., 2339.]], device='cuda:1')
[1]: torch.Size([2, 2])
[2]: tensor([[8592., 8592.],
        [9372., 9372.]], device='cuda:0')
[2]: torch.Size([2, 2])
[0]: tensor([[2916., 2916.],
        [9396., 9396.]], device='cuda:0')
[0]: torch.Size([2, 2])
[0]: tensor([[5816., 5816.],
[3]: tensor([[6411., 6411.],
        [7625., 7625.]], device='cuda:1')
[3]: torch.Size([2, 2])
        [6483., 6483.]], device='cuda:0')
[0]: torch.Size([2, 2])
[1]: tensor([[7651., 7651.],
        [7748., 7748.]], device='cuda:1')
[1]: torch.Size([2, 2])
[2]: tensor([[3689., 3689.],
        [8308., 8308.]], device='cuda:0')
[2]: torch.Size([2, 2])
[3]: tensor([[6411., 6411.],
        [7625., 7625.]], device='cuda:1')
[3]: torch.Size([2, 2])
[0]: tensor([[5816., 5816.],
        [6483., 6483.]], device='cuda:0')
[0]: torch.Size([2, 2])
[1]: tensor([[7651., 7651.],
        [7748., 7748.]], device='cuda:1')
[1]: torch.Size([2, 2])
[2]: tensor([[3689., 3689.],
        [8308., 8308.]], device='cuda:0')
[2]: torch.Size([2, 2])
[0]: tensor([[6553., 6553.],
        [5207., 5207.]], device='cuda:0')
[3]: tensor([[1289., 1289.],
[0]: torch.Size([2, 2])
        [3880., 3880.]], device='cuda:1')
[3]: torch.Size([2, 2])
[2]: tensor([[4683., 4683.],
        [9052., 9052.]], device='cuda:0')
[2]: torch.Size([2, 2])
[1]: tensor([[2735., 2735.],
        [8511., 8511.]], device='cuda:1')
[1]: torch.Size([2, 2])
[3]: tensor([[1289., 1289.],
        [3880., 3880.]], device='cuda:1')
[3]: torch.Size([2, 2])
[2]: tensor([[4683., 4683.],
        [9052., 9052.]], device='cuda:0')
[2]: torch.Size([2, 2])
[1]: tensor([[2735., 2735.],
        [8511., 8511.]], device='cuda:1')
[1]: torch.Size([2, 2])
[0]: tensor([[6553., 6553.],
        [5207., 5207.]], device='cuda:0')
[0]: torch.Size([2, 2])
[3]: tensor([[2812., 2812.],
[0]: tensor([[6449., 6449.],
        [2937., 2937.]], device='cuda:1')
[3]: torch.Size([2, 2])
        [8675., 8675.]], device='cuda:0')
[0]: torch.Size([2, 2])
[2]: tensor([[3922., 3922.],
[1]: tensor([[7459., 7459.],
        [6318., 6318.]], device='cuda:1')
[1]: torch.Size([2, 2])
        [1620., 1620.]], device='cuda:0')
[2]: torch.Size([2, 2])
[3]: tensor([[2812., 2812.],
        [2937., 2937.]], device='cuda:1')
[3]: torch.Size([2, 2])
[0]: tensor([[6449., 6449.],
        [8675., 8675.]], device='cuda:0')
[0]: torch.Size([2, 2])
[1]: tensor([[7459., 7459.],
        [6318., 6318.]], device='cuda:1')
[1]: torch.Size([2, 2])
[2]: tensor([[3922., 3922.],
        [1620., 1620.]], device='cuda:0')
[2]: torch.Size([2, 2])
[0]: tensor([[5834., 5834.],
        [7287., 7287.]], device='cuda:0')
[3]: tensor([[8075., 8075.],
        [7249., 7249.]], device='cuda:1')
[0]: torch.Size([2, 2])
[3]: torch.Size([2, 2])
[2]: tensor([[2527., 2527.],
        [ 884.,  884.]], device='cuda:0')
[1]: tensor([[7635., 7635.],
        [9486., 9486.]], device='cuda:1')
[1]: torch.Size([2, 2])
[2]: torch.Size([2, 2])
[3]: tensor([[8075., 8075.],
        [7249., 7249.]], device='cuda:1')
[3]: torch.Size([2, 2])
[1]: tensor([[7635., 7635.],
        [9486., 9486.]], device='cuda:1')
[1]: torch.Size([2, 2])
[0]: tensor([[5834., 5834.],
[2]: tensor([[2527., 2527.],
        [ 884.,  884.]], device='cuda:0')
[2]: torch.Size([2, 2])
        [7287., 7287.]], device='cuda:0')
[0]: torch.Size([2, 2])
[0]: tensor([[6627., 6627.],
[3]: tensor([[4219., 4219.],
        [ 162.,  162.]], device='cuda:1')
[3]: torch.Size([2, 2])
        [3426., 3426.]], device='cuda:0')
[0]: torch.Size([2, 2])
[1]: tensor([[5867., 5867.],
        [2847., 2847.]], device='cuda:1')
[1]: torch.Size([2, 2])
[2]: tensor([[6672., 6672.],
        [2408., 2408.]], device='cuda:0')
[2]: torch.Size([2, 2])
[3]: tensor([[4219., 4219.],
        [ 162.,  162.]], device='cuda:1')
[3]: torch.Size([2, 2])
[0]: tensor([[6627., 6627.],
        [3426., 3426.]], device='cuda:0')
[0]: torch.Size([2, 2])[1]: tensor([[5867., 5867.],
        [2847., 2847.]], device='cuda:1')

[1]: torch.Size([2, 2])
[2]: tensor([[6672., 6672.],
        [2408., 2408.]], device='cuda:0')
[2]: torch.Size([2, 2])
[0]: tensor([[7665., 7665.],
        [ 452.,  452.]], device='cuda:0')
[3]: tensor([[8485., 8485.],
        [2435., 2435.]], device='cuda:1')
[3]: torch.Size([2, 2])
[0]: torch.Size([2, 2])
[2]: tensor([[6440., 6440.],
        [5641., 5641.]], device='cuda:0')
[2]: torch.Size([2, 2])
[1]: tensor([[8118., 8118.],
        [1628., 1628.]], device='cuda:1')
[1]: torch.Size([2, 2])
[3]: tensor([[8485., 8485.],
        [2435., 2435.]], device='cuda:1')
[3]: torch.Size([2, 2])
[2]: tensor([[6440., 6440.],
        [5641., 5641.]], device='cuda:0')
[1]: tensor([[8118., 8118.],
        [1628., 1628.]], device='cuda:1')
[1]: torch.Size([2, 2])
[2]: torch.Size([2, 2])
[0]: tensor([[7665., 7665.],
        [ 452.,  452.]], device='cuda:0')
[0]: torch.Size([2, 2])
[0]: tensor([[5113., 5113.],
[3]: tensor([[9129., 9129.],
        [5272., 5272.]], device='cuda:1')
[3]: torch.Size([2, 2])
        [7255., 7255.]], device='cuda:0')
[0]: torch.Size([2, 2])
[1]: tensor([[3764., 3764.],
        [ 865.,  865.]], device='cuda:1')
[1]: torch.Size([2, 2])
[2]: tensor([[3955., 3955.],
        [6646., 6646.]], device='cuda:0')
[2]: torch.Size([2, 2])
[3]: tensor([[9129., 9129.],
        [5272., 5272.]], device='cuda:1')
[3]: torch.Size([2, 2])
[0]: tensor([[5113., 5113.],
        [7255., 7255.]], device='cuda:0')
[0]: torch.Size([2, 2])
[1]: tensor([[3764., 3764.],
        [ 865.,  865.]], device='cuda:1')
[1]: torch.Size([2, 2])
[2]: tensor([[3955., 3955.],
        [6646., 6646.]], device='cuda:0')
[2]: torch.Size([2, 2])
[0]: tensor([[4102., 4102.],
        [6781., 6781.]], device='cuda:0')
[3]: tensor([[8374., 8374.],
[0]: torch.Size([2, 2])
        [9286., 9286.]], device='cuda:1')
[3]: torch.Size([2, 2])
[2]: tensor([[7349., 7349.],
        [6652., 6652.]], device='cuda:0')
[2]: torch.Size([2, 2])
[1]: tensor([[4792., 4792.],
        [3460., 3460.]], device='cuda:1')
[1]: torch.Size([2, 2])
[3]: tensor([[8374., 8374.],
        [9286., 9286.]], device='cuda:1')
[3]: torch.Size([2, 2])
[2]: tensor([[7349., 7349.],
        [6652., 6652.]], device='cuda:0')
[2]: torch.Size([2, 2])
[1]: tensor([[4792., 4792.],
        [3460., 3460.]], device='cuda:1')
[1]: torch.Size([2, 2])
[0]: tensor([[4102., 4102.],
        [6781., 6781.]], device='cuda:0')
[0]: torch.Size([2, 2])
[3]: tensor([[1433., 1433.],
[0]: tensor([[6206., 6206.],
        [1856., 1856.]], device='cuda:1')
[3]: torch.Size([2, 2])
        [4447., 4447.]], device='cuda:0')
[0]: torch.Size([2, 2])
[2]: tensor([[8547., 8547.],
        [4277., 4277.]], device='cuda:0')
[1]: tensor([[6820., 6820.],
        [5093., 5093.]], device='cuda:1')
[1]: torch.Size([2, 2])
[2]: torch.Size([2, 2])
[3]: tensor([[1433., 1433.],
        [1856., 1856.]], device='cuda:1')
[3]: torch.Size([2, 2])
[0]: tensor([[6206., 6206.],
        [4447., 4447.]], device='cuda:0')
[0]: torch.Size([2, 2])
[1]: tensor([[6820., 6820.],
        [5093., 5093.]], device='cuda:1')
[1]: torch.Size([2, 2])
[2]: tensor([[8547., 8547.],
        [4277., 4277.]], device='cuda:0')
[2]: torch.Size([2, 2])
[0]: tensor([[1163., 1163.],
        [4143., 4143.]], device='cuda:0')
[3]: tensor([[1670., 1670.],
[0]: torch.Size([2, 2])
        [2321., 2321.]], device='cuda:1')
[3]: torch.Size([2, 2])
[2]: tensor([[7679., 7679.],
        [5047., 5047.]], device='cuda:0')
[2]: torch.Size([2, 2])
[1]: tensor([[ 540.,  540.],
        [2517., 2517.]], device='cuda:1')
[1]: torch.Size([2, 2])
[3]: tensor([[1670., 1670.],
        [2321., 2321.]], device='cuda:1')
[3]: torch.Size([2, 2])
[2]: tensor([[7679., 7679.],
        [5047., 5047.]], device='cuda:0')
[2]: torch.Size([2, 2])
[1]: tensor([[ 540.,  540.],
        [2517., 2517.]], device='cuda:1')
[1]: torch.Size([2, 2])
[0]: tensor([[1163., 1163.],
        [4143., 4143.]], device='cuda:0')
[0]: torch.Size([2, 2])
[0]: tensor([[4008., 4008.],
[3]: tensor([[3534., 3534.],
        [9799., 9799.]], device='cuda:1')
[3]: torch.Size([2, 2])
        [9432., 9432.]], device='cuda:0')
[0]: torch.Size([2, 2])
[1]: tensor([[8387., 8387.],
        [1235., 1235.]], device='cuda:1')
[1]: torch.Size([2, 2])
[2]: tensor([[7056., 7056.],
        [1436., 1436.]], device='cuda:0')
[2]: torch.Size([2, 2])
[3]: tensor([[3534., 3534.],
        [9799., 9799.]], device='cuda:1')
[3]: torch.Size([2, 2])
[0]: tensor([[4008., 4008.],
        [9432., 9432.]], device='cuda:0')
[0]: torch.Size([2, 2])
[1]: tensor([[8387., 8387.],
        [1235., 1235.]], device='cuda:1')
[1]: torch.Size([2, 2])
[2]: tensor([[7056., 7056.],
        [1436., 1436.]], device='cuda:0')
[2]: torch.Size([2, 2])
[0]: tensor([[ 499.,  499.],
        [8251., 8251.]], device='cuda:0')
[3]: tensor([[2214., 2214.],
        [5347., 5347.]], device='cuda:1')
[3]: torch.Size([2, 2])
[0]: torch.Size([2, 2])
[2]: tensor([[2480., 2480.],
        [1135., 1135.]], device='cuda:0')
[2]: torch.Size([2, 2])
[1]: tensor([[2952., 2952.],
        [1763., 1763.]], device='cuda:1')
[1]: torch.Size([2, 2])
[3]: tensor([[2214., 2214.],
        [5347., 5347.]], device='cuda:1')
[3]: torch.Size([2, 2])
[2]: tensor([[2480., 2480.],
        [1135., 1135.]], device='cuda:0')
[2]: torch.Size([2, 2])
[1]: tensor([[2952., 2952.],
        [1763., 1763.]], device='cuda:1')
[1]: torch.Size([2, 2])
[0]: tensor([[ 499.,  499.],
        [8251., 8251.]], device='cuda:0')
[0]: torch.Size([2, 2])
[3]: tensor([[5425., 5425.],
        [5968., 5968.]], device='cuda:1')
[3]: torch.Size([2, 2])
[0]: tensor([[7942., 7942.],
        [ 247.,  247.]], device='cuda:0')
[0]: torch.Size([2, 2])
[2]: tensor([[5345., 5345.],
        [7677., 7677.]], device='cuda:0')
[1]: tensor([[6772., 6772.],
        [8944., 8944.]], device='cuda:1')
[1]: torch.Size([2, 2])
[2]: torch.Size([2, 2])
[3]: tensor([[5425., 5425.],
        [5968., 5968.]], device='cuda:1')
[3]: torch.Size([2, 2])
[0]: tensor([[7942., 7942.],
        [ 247.,  247.]], device='cuda:0')
[0]: torch.Size([2, 2])
[1]: tensor([[6772., 6772.],
        [8944., 8944.]], device='cuda:1')
[1]: torch.Size([2, 2])
[2]: tensor([[5345., 5345.],
        [7677., 7677.]], device='cuda:0')
[2]: torch.Size([2, 2])
[0]: tensor([[9026., 9026.],
        [1297., 1297.]], device='cuda:0')
[3]: tensor([[1985., 1985.],
        [1515., 1515.]], device='cuda:1')
[3]: torch.Size([2, 2])
[0]: torch.Size([2, 2])
[2]: tensor([[3551., 3551.],
        [4885., 4885.]], device='cuda:0')
[2]: torch.Size([2, 2])
[1]: tensor([[9444., 9444.],
        [3130., 3130.]], device='cuda:1')
[1]: torch.Size([2, 2])
[3]: tensor([[1985., 1985.],
        [1515., 1515.]], device='cuda:1')
[3]: torch.Size([2, 2])
[2]: tensor([[3551., 3551.],
        [4885., 4885.]], device='cuda:0')
[2]: torch.Size([2, 2])
[1]: tensor([[9444., 9444.],
        [3130., 3130.]], device='cuda:1')
[1]: torch.Size([2, 2])
[0]: tensor([[9026., 9026.],
        [1297., 1297.]], device='cuda:0')
[0]: torch.Size([2, 2])
[3]: tensor([[2316., 2316.],
[0]: tensor([[3451., 3451.],
        [1204., 1204.]], device='cuda:1')
[3]: torch.Size([2, 2])
        [7769., 7769.]], device='cuda:0')
[0]: torch.Size([2, 2])
[2]: tensor([[7038., 7038.],
        [1501., 1501.]], device='cuda:0')
[1]: tensor([[2802., 2802.],
        [ 673.,  673.]], device='cuda:1')
[1]: torch.Size([2, 2])
[2]: torch.Size([2, 2])
[3]: tensor([[2316., 2316.],
        [1204., 1204.]], device='cuda:1')
[3]: torch.Size([2, 2])
[0]: tensor([[3451., 3451.],
        [7769., 7769.]], device='cuda:0')
[0]: torch.Size([2, 2])
[1]: tensor([[2802., 2802.],
        [ 673.,  673.]], device='cuda:1')
[1]: torch.Size([2, 2])
[2]: tensor([[7038., 7038.],
        [1501., 1501.]], device='cuda:0')
[2]: torch.Size([2, 2])
[0]: tensor([[8825., 8825.],
        [6918., 6918.]], device='cuda:0')
[3]: tensor([[4073., 4073.],
        [2588., 2588.]], device='cuda:1')
[3]: torch.Size([2, 2])
[0]: torch.Size([2, 2])
[2]: tensor([[8292., 8292.],
        [4844., 4844.]], device='cuda:0')
[2]: torch.Size([2, 2])
[1]: tensor([[1100., 1100.],
        [8588., 8588.]], device='cuda:1')
[1]: torch.Size([2, 2])
[3]: tensor([[4073., 4073.],
        [2588., 2588.]], device='cuda:1')
[3]: torch.Size([2, 2])
[2]: tensor([[8292., 8292.],
        [4844., 4844.]], device='cuda:0')
[2]: torch.Size([2, 2])
[1]: tensor([[1100., 1100.],
        [8588., 8588.]], device='cuda:1')
[1]: torch.Size([2, 2])
[0]: tensor([[8825., 8825.],
        [6918., 6918.]], device='cuda:0')
[0]: torch.Size([2, 2])
[0]: tensor([[4543., 4543.],
[3]: tensor([[6006., 6006.],
        [9177., 9177.]], device='cuda:1')
[3]: torch.Size([2, 2])
        [1122., 1122.]], device='cuda:0')
[0]: torch.Size([2, 2])
[2]: tensor([[9395., 9395.],
        [8434., 8434.]], device='cuda:0')
[1]: tensor([[2961., 2961.],
        [ 915.,  915.]], device='cuda:1')
[1]: torch.Size([2, 2])
[2]: torch.Size([2, 2])
[3]: tensor([[6006., 6006.],
        [9177., 9177.]], device='cuda:1')
[3]: torch.Size([2, 2])
[0]: tensor([[4543., 4543.],
        [1122., 1122.]], device='cuda:0')
[0]: torch.Size([2, 2])
[1]: tensor([[2961., 2961.],
        [ 915.,  915.]], device='cuda:1')
[1]: torch.Size([2, 2])
[2]: tensor([[9395., 9395.],
        [8434., 8434.]], device='cuda:0')
[2]: torch.Size([2, 2])
[0]: tensor([[2998., 2998.],
        [3110., 3110.]], device='cuda:0')
[0]: torch.Size([2, 2])
[3]: tensor([[2672., 2672.],
        [6082., 6082.]], device='cuda:1')
[3]: torch.Size([2, 2])
[2]: tensor([[8659., 8659.],
        [9102., 9102.]], device='cuda:0')
[2]: torch.Size([2, 2])
[1]: tensor([[8909., 8909.],
        [7379., 7379.]], device='cuda:1')
[1]: torch.Size([2, 2])
[3]: tensor([[2672., 2672.],
        [6082., 6082.]], device='cuda:1')
[3]: torch.Size([2, 2])
[2]: tensor([[8659., 8659.],
        [9102., 9102.]], device='cuda:0')
[2]: torch.Size([2, 2])
[1]: tensor([[8909., 8909.],
        [7379., 7379.]], device='cuda:1')
[1]: torch.Size([2, 2])
[0]: tensor([[2998., 2998.],
        [3110., 3110.]], device='cuda:0')
[0]: torch.Size([2, 2])
[0]: tensor([[3320., 3320.],
[3]: tensor([[8934., 8934.],
        [3630., 3630.]], device='cuda:0')
        [3042., 3042.]], device='cuda:1')
[3]: torch.Size([2, 2])
[0]: torch.Size([2, 2])
[1]: tensor([[9103., 9103.],
        [ 588.,  588.]], device='cuda:1')
[1]: torch.Size([2, 2])
[2]: tensor([[7350., 7350.],
        [5492., 5492.]], device='cuda:0')
[2]: torch.Size([2, 2])
[3]: tensor([[8934., 8934.],
        [3042., 3042.]], device='cuda:1')
[3]: torch.Size([2, 2])
[0]: tensor([[3320., 3320.],
        [3630., 3630.]], device='cuda:0')
[0]: torch.Size([2, 2])
[1]: tensor([[9103., 9103.],
        [ 588.,  588.]], device='cuda:1')
[1]: torch.Size([2, 2])
[2]: tensor([[7350., 7350.],
        [5492., 5492.]], device='cuda:0')
[2]: torch.Size([2, 2])
[0]: tensor([[1563., 1563.],
        [4942., 4942.]], device='cuda:0')
[0]: torch.Size([2, 2])
[3]: tensor([[7763., 7763.],
        [9518., 9518.]], device='cuda:1')
[3]: torch.Size([2, 2])
[2]: tensor([[6907., 6907.],
        [7805., 7805.]], device='cuda:0')
[1]: tensor([[1812., 1812.],
        [8586., 8586.]], device='cuda:1')
[1]: torch.Size([2, 2])
[2]: torch.Size([2, 2])
[3]: tensor([[7763., 7763.],
        [9518., 9518.]], device='cuda:1')
[3]: torch.Size([2, 2])
[2]: tensor([[6907., 6907.],
        [7805., 7805.]], device='cuda:0')
[2]: torch.Size([2, 2])
[1]: tensor([[1812., 1812.],
        [8586., 8586.]], device='cuda:1')
[1]: torch.Size([2, 2])
[0]: tensor([[1563., 1563.],
        [4942., 4942.]], device='cuda:0')
[0]: torch.Size([2, 2])
[0]: tensor([[5103., 5103.],
[3]: tensor([[4744., 4744.],
        [1283., 1283.]], device='cuda:0')
        [2202., 2202.]], device='cuda:1')
[3]: torch.Size([2, 2])
[0]: torch.Size([2, 2])
[2]: tensor([[1932., 1932.],
        [4893., 4893.]], device='cuda:0')
[1]: tensor([[7721., 7721.],
        [1706., 1706.]], device='cuda:1')
[1]: torch.Size([2, 2])
[2]: torch.Size([2, 2])
[3]: tensor([[4744., 4744.],
        [2202., 2202.]], device='cuda:1')
[3]: torch.Size([2, 2])
[0]: tensor([[5103., 5103.],
        [1283., 1283.]], device='cuda:0')
[0]: torch.Size([2, 2])
[1]: tensor([[7721., 7721.],
        [1706., 1706.]], device='cuda:1')
[1]: torch.Size([2, 2])
[2]: tensor([[1932., 1932.],
        [4893., 4893.]], device='cuda:0')
[2]: torch.Size([2, 2])
[0]: tensor([[3361., 3361.],
        [4652., 4652.]], device='cuda:0')
[3]: tensor([[2543., 2543.],
        [6609., 6609.]], device='cuda:1')
[3]: torch.Size([2, 2])
[0]: torch.Size([2, 2])
[2]: tensor([[4718., 4718.],
        [9997., 9997.]], device='cuda:0')
[2]: torch.Size([2, 2])
[1]: tensor([[6216., 6216.],
        [2105., 2105.]], device='cuda:1')
[1]: torch.Size([2, 2])
[3]: tensor([[2543., 2543.],
        [6609., 6609.]], device='cuda:1')
[3]: torch.Size([2, 2])
[2]: tensor([[4718., 4718.],
        [9997., 9997.]], device='cuda:0')
[2]: torch.Size([2, 2])
[1]: tensor([[6216., 6216.],
        [2105., 2105.]], device='cuda:1')
[1]: torch.Size([2, 2])
[0]: tensor([[3361., 3361.],
        [4652., 4652.]], device='cuda:0')
[0]: torch.Size([2, 2])
[0]: tensor([[7414., 7414.],
[3]: tensor([[8164., 8164.],
        [7958., 7958.]], device='cuda:1')
[3]: torch.Size([2, 2])
        [6986., 6986.]], device='cuda:0')
[0]: torch.Size([2, 2])
[1]: tensor([[5999., 5999.],
        [4818., 4818.]], device='cuda:1')
[1]: torch.Size([2, 2])
[2]: tensor([[ 903.,  903.],
        [5176., 5176.]], device='cuda:0')
[2]: torch.Size([2, 2])
[3]: tensor([[8164., 8164.],
        [7958., 7958.]], device='cuda:1')
[3]: torch.Size([2, 2])
[0]: tensor([[7414., 7414.],
        [6986., 6986.]], device='cuda:0')
[0]: torch.Size([2, 2])
[1]: tensor([[5999., 5999.],
        [4818., 4818.]], device='cuda:1')
[1]: torch.Size([2, 2])
[2]: tensor([[ 903.,  903.],
        [5176., 5176.]], device='cuda:0')
[2]: torch.Size([2, 2])
[0]: tensor([[5506., 5506.],
        [8345., 8345.]], device='cuda:0')
[3]: tensor([[6367., 6367.],
[0]: torch.Size([2, 2])
        [9284., 9284.]], device='cuda:1')
[3]: torch.Size([2, 2])
[2]: tensor([[4618., 4618.],
        [5326., 5326.]], device='cuda:0')
[2]: torch.Size([2, 2])
[1]: tensor([[8849., 8849.],
        [5672., 5672.]], device='cuda:1')
[1]: torch.Size([2, 2])
[3]: tensor([[6367., 6367.],
        [9284., 9284.]], device='cuda:1')
[3]: torch.Size([2, 2])
[2]: tensor([[4618., 4618.],
        [5326., 5326.]], device='cuda:0')
[2]: torch.Size([2, 2])
[1]: tensor([[8849., 8849.],
        [5672., 5672.]], device='cuda:1')
[1]: torch.Size([2, 2])
[0]: tensor([[5506., 5506.],
        [8345., 8345.]], device='cuda:0')
[0]: torch.Size([2, 2])
[0]: tensor([[7923., 7923.],
[3]: tensor([[3109., 3109.],
        [5914., 5914.]], device='cuda:0')
        [5400., 5400.]], device='cuda:1')
[3]: torch.Size([2, 2])
[0]: torch.Size([2, 2])
[1]: tensor([[6958., 6958.],
        [8213., 8213.]], device='cuda:1')
[1]: torch.Size([2, 2])
[2]: tensor([[1112., 1112.],
        [8664., 8664.]], device='cuda:0')
[2]: torch.Size([2, 2])
[3]: tensor([[3109., 3109.],
        [5400., 5400.]], device='cuda:1')
[3]: torch.Size([2, 2])
[0]: tensor([[7923., 7923.],
        [5914., 5914.]], device='cuda:0')
[0]: torch.Size([2, 2])
[1]: tensor([[6958., 6958.],
        [8213., 8213.]], device='cuda:1')
[1]: torch.Size([2, 2])
[2]: tensor([[1112., 1112.],
        [8664., 8664.]], device='cuda:0')
[2]: torch.Size([2, 2])
[0]: tensor([[7217., 7217.],
        [  35.,   35.]], device='cuda:0')
[3]: tensor([[8324., 8324.],
        [9067., 9067.]], device='cuda:1')
[3]: torch.Size([2, 2])
[0]: torch.Size([2, 2])
[2]: tensor([[ 628.,  628.],
        [6353., 6353.]], device='cuda:0')
[2]: torch.Size([2, 2])
[1]: tensor([[9184., 9184.],
        [7305., 7305.]], device='cuda:1')
[1]: torch.Size([2, 2])
[3]: tensor([[8324., 8324.],
        [9067., 9067.]], device='cuda:1')
[3]: torch.Size([2, 2])
[2]: tensor([[ 628.,  628.],
        [6353., 6353.]], device='cuda:0')
[2]: torch.Size([2, 2])
[1]: tensor([[9184., 9184.],
        [7305., 7305.]], device='cuda:1')
[1]: torch.Size([2, 2])
[0]: tensor([[7217., 7217.],
        [  35.,   35.]], device='cuda:0')
[0]: torch.Size([2, 2])
[0]: tensor([[ 974.,  974.],
        [6640., 6640.]], device='cuda:0')
[3]: tensor([[6360., 6360.],
        [8286., 8286.]], device='cuda:1')
[3]: torch.Size([2, 2])
[0]: torch.Size([2, 2])
[1]: tensor([[6506., 6506.],
        [4129., 4129.]], device='cuda:1')
[1]: torch.Size([2, 2])
[2]: tensor([[8391., 8391.],
        [8730., 8730.]], device='cuda:0')
[2]: torch.Size([2, 2])
[3]: tensor([[6360., 6360.],
        [8286., 8286.]], device='cuda:1')
[3]: torch.Size([2, 2])
[0]: tensor([[ 974.,  974.],
        [6640., 6640.]], device='cuda:0')
[0]: torch.Size([2, 2])
[1]: tensor([[6506., 6506.],
        [4129., 4129.]], device='cuda:1')
[1]: torch.Size([2, 2])
[2]: tensor([[8391., 8391.],
        [8730., 8730.]], device='cuda:0')
[2]: torch.Size([2, 2])
[1]: Finished
[0]: Finished
[3]: Finished
[2]: Finished
*****************************************
Setting OMP_NUM_THREADS environment variable for each process to be 1 in default, to avoid your system being overloaded, please further tune the variable for optimal performance in your application as needed. 
*****************************************
	[4mGPU0	GPU1	CPU Affinity	NUMA Affinity[0m
GPU0	 X 	PHB	0,2	0-1
GPU1	PHB	 X 	0,2	0-1

Legend:

  X    = Self
  SYS  = Connection traversing PCIe as well as the SMP interconnect between NUMA nodes (e.g., QPI/UPI)
  NODE = Connection traversing PCIe as well as the interconnect between PCIe Host Bridges within a NUMA node
  PHB  = Connection traversing PCIe as well as a PCIe Host Bridge (typically the CPU)
  PXB  = Connection traversing multiple PCIe bridges (without traversing the PCIe Host Bridge)
  PIX  = Connection traversing at most a single PCIe bridge
  NV#  = Connection traversing a bonded set of # NVLinks
*****************************************
Setting OMP_NUM_THREADS environment variable for each process to be 1 in default, to avoid your system being overloaded, please further tune the variable for optimal performance in your application as needed. 
*****************************************
	[4mGPU0	GPU1	CPU Affinity	NUMA Affinity[0m
GPU0	 X 	SYS	12,14	0-1
GPU1	SYS	 X 	12,14	0-1

Legend:

  X    = Self
  SYS  = Connection traversing PCIe as well as the SMP interconnect between NUMA nodes (e.g., QPI/UPI)
  NODE = Connection traversing PCIe as well as the interconnect between PCIe Host Bridges within a NUMA node
  PHB  = Connection traversing PCIe as well as a PCIe Host Bridge (typically the CPU)
  PXB  = Connection traversing multiple PCIe bridges (without traversing the PCIe Host Bridge)
  PIX  = Connection traversing at most a single PCIe bridge
  NV#  = Connection traversing a bonded set of # NVLinks
